{"numFailedTestSuites":1,"numFailedTests":8,"numPassedTestSuites":0,"numPassedTests":16,"numPendingTestSuites":0,"numPendingTests":0,"numRuntimeErrorTestSuites":0,"numTodoTests":0,"numTotalTestSuites":1,"numTotalTests":24,"openHandles":[],"snapshot":{"added":0,"didUpdate":false,"failure":false,"filesAdded":0,"filesRemoved":0,"filesRemovedList":[],"filesUnmatched":0,"filesUpdated":0,"matched":0,"total":0,"unchecked":0,"uncheckedKeysByFile":[],"unmatched":0,"updated":0},"startTime":1788134187067,"success":false,"testResults":[{"assertionResults":[{"ancestorTitles":["CourseIdPageComp - Rendering"],"duration":1606,"failing":false,"failureDetails":[],"failureMessages":[],"fullName":"CourseIdPageComp - Rendering renders course information","invocations":1,"location":null,"numPassingAsserts":8,"retryReasons":[],"startAt":1788134202610,"status":"passed","title":"renders course information"},{"ancestorTitles":["CourseIdPageComp - Rendering"],"duration":277,"failing":false,"failureDetails":[{"name":"TestingLibraryElementError"}],"failureMessages":["TestingLibraryElementError: Unable to find an element with the text: Last updated on 8/2026. This could be because the text is broken up by multiple elements. In this case, you can provide a function for your text matcher to make your matcher more flexible.\n\nIgnored nodes: comments, script, style\n\u001b[36m<body>\u001b[39m\n  \u001b[36m<div>\u001b[39m\n    \u001b[36m<div\u001b[39m\n      \u001b[33mclass\u001b[39m=\u001b[32m\"relative w-full min-h-screen flex flex-col gap-6 py-18 pt-0\"\u001b[39m\n    \u001b[36m>\u001b[39m\n      \u001b[36m<div\u001b[39m\n        \u001b[33mclass\u001b[39m=\u001b[32m\"absolute top-0 left-0 w-full h-1/2 dark:bg-black bg-white z-[-1]\"\u001b[39m\n      \u001b[36m/>\u001b[39m\n      \u001b[36m<div\u001b[39m\n        \u001b[33mclass\u001b[39m=\u001b[32m\"w-[90%] md:w-[70%] lg:w-[60%] bg-transparent mx-auto flex flex-col justify-start items-center relative\"\u001b[39m\n      \u001b[36m>\u001b[39m\n        \u001b[36m<div\u001b[39m\n          \u001b[33mclass\u001b[39m=\u001b[32m\"relative w-full h-75 overflow-hidden\"\u001b[39m\n        \u001b[36m>\u001b[39m\n          \u001b[36m<img\u001b[39m\n            \u001b[33malt\u001b[39m=\u001b[32m\"\"\u001b[39m\n            \u001b[33mclass\u001b[39m=\u001b[32m\"rounded-lg\"\u001b[39m\n            \u001b[33msrc\u001b[39m=\u001b[32m\"/course.jpg\"\u001b[39m\n          \u001b[36m/>\u001b[39m\n        \u001b[36m</div>\u001b[39m\n      \u001b[36m</div>\u001b[39m\n      \u001b[36m<div\u001b[39m\n        \u001b[33mclass\u001b[39m=\u001b[32m\"relative w-[90%] md:w-[90%] lg:w-[60%] bg-transparent mx-auto flex flex-col justify-start items-center h-full gap-6 min-h-screen pt-2\"\u001b[39m\n      \u001b[36m>\u001b[39m\n        \u001b[36m<div\u001b[39m\n          \u001b[33mclass\u001b[39m=\u001b[32m\"absolute right-0 top-2 w-10 h-10 rounded-full flex items-center justify-center border border-gray-300 group cursor-pointer\"\u001b[39m\n        \u001b[36m>\u001b[39m\n          \u001b[36m<button\u001b[39m\n            \u001b[33maria-label\u001b[39m=\u001b[32m\"like-course\"\u001b[39m\n          \u001b[36m>\u001b[39m\n            \u001b[0mLike\u001b[0m\n          \u001b[36m</button>\u001b[39m\n        \u001b[36m</div>\u001b[39m\n        \u001b[36m<div\u001b[39m\n          \u001b[33mclass\u001b[39m=\u001b[32m\"absolute right-12 top-2 w-10 h-10 rounded-full flex items-center justify-center border border-gray-300 group cursor-pointer\"\u001b[39m\n        \u001b[36m>\u001b[39m\n          \u001b[36m<button\u001b[39m\n            \u001b[33maria-label\u001b[39m=\u001b[32m\"add-to-cart\"\u001b[39m\n          \u001b[36m>\u001b[39m\n            \u001b[0mAdd Cart\u001b[0m\n          \u001b[36m</button>\u001b[39m\n        \u001b[36m</div>\u001b[39m\n        \u001b[36m<div\u001b[39m\n          \u001b[33mclass\u001b[39m=\u001b[32m\"absolute right-33 top-2 w-10 h-10  flex items-center justify-center  border-gray-300 group cursor-pointer\"\u001b[39m\n        \u001b[36m>\u001b[39m\n          \u001b[36m<button\u001b[39m\n            \u001b[33mclass\u001b[39m=\u001b[32m\"group-hover:scale-110 ease-in-out duration-400 transition-transform active:scale-90\"\u001b[39m\n            \u001b[33mvariant\u001b[39m=\u001b[32m\"default\"\u001b[39m\n          \u001b[36m>\u001b[39m\n            \u001b[0mBuy Now\u001b[0m\n          \u001b[36m</button>\u001b[39m\n        \u001b[36m</div>\u001b[39m\n        \u001b[36m<div\u001b[39m\n          \u001b[33mclass\u001b[39m=\u001b[32m\"absolute right-30 top-2 w-10 h-10  flex items-center justify-center  border-gray-300\"\u001b[39m\n        \u001b[36m/>\u001b[39m\n        \u001b[36m<div\u001b[39m\n          \u001b[33mclass\u001b[39m=\u001b[32m\"w-full flex flex-col items-start justify-center gap-3 pt-12 md:pt-0\"\u001b[39m\n        \u001b[36m>\u001b[39m\n          \u001b[36m<p\u001b[39m\n            \u001b[33mclass\u001b[39m=\u001b[32m\"dark:text-white text-black text-2xl sm:text-3xl lg:text-4xl capitalize whitespace-normal wrap-break-word line-clamp-3 leading-tight cursor-pointer\"\u001b[39m\n          \u001b[36m>\u001b[39m\n            \u001b[0mModern JavaScript from Scratch\u001b[0m\n          \u001b[36m</p>\u001b[39m\n          \u001b[36m<span>\u001b[39m\n            \u001b[0mBestseller\u001b[0m\n          \u001b[36m</span>\u001b[39m\n          \u001b[36m<p\u001b[39m\n            \u001b[33mclass\u001b[39m=\u001b[32m\"dark:text-white text-black text-2xl capitalize whitespace-normal wrap-break-word line-clamp-2\"\u001b[39m\n          \u001b[36m>\u001b[39m\n            \u001b[0m₹ \u001b[0m\n            \u001b[0m999\u001b[0m\n          \u001b[36m</p>\u001b[39m\n        \u001b[36m</div>\u001b[39m\n        \u001b[36m<div\u001b[39m\n          \u001b[33mclass\u001b[39m=\u001b[32m\"flex gap-2 w-full   justify-start items-center\"\u001b[39m\n        \u001b[36m>\u001b[39m\n          \u001b[36m<span\u001b[39m\n            \u001b[33mclass\u001b[39m=\u001b[32m\"flex gap-2  items-center\"\u001b[39m\n          \u001b[36m>\u001b[39m\n            \u001b[36m<span />\u001b[39m\n            \u001b[36m<span\u001b[39m\n              \u001b[33mclass\u001b[39m=\u001b[32m\"text-sm\"\u001b[39m\n            \u001b[36m>\u001b[39m\n              \u001b[0mNo date available\u001b[0m\n            \u001b[36m</span>\u001b[39m\n          \u001b[36m</span>\u001b[39m\n          \u001b[36m<span\u001b[39m\n            \u001b[33mclass\u001b[39m=\u001b[32m\"flex gap-2  items-center\"\u001b[39m\n            \u001b[33mdata-testid\u001b[39m=\u001b[32m\"course-language\"\u001b[39m\n          \u001b[36m>\u001b[39m\n            \u001b[36m<span />\u001b[39m\n            \u001b[36m<p>\u001b[39m\n              \u001b[0mEnglish\u001b[0m\n            \u001b[36m</p>\u001b[39m\n          \u001b[36m</span>\u001b[39m\n          \u001b[36m<span\u001b[39m\n            \u001b[33mclass\u001b[39m=\u001b[32m\"flex gap-2 items-center\"\u001b[39m\n          \u001b[36m>\u001b[39m\n            \u001b[36m<span />\u001b[39m\n            \u001b[0mEnglish\u001b[0m\n          \u001b[36m</span>\u001b[39m\n        \u001b[36m</div>\u001b[39m\n        \u001b[36m<div\u001b[39m\n          \u001b[33mclass\u001b[39m=\u001b[32m\"w-full h-30 flex flex-row justify-start items-center border-2 border-gray-300 rounded-lg mt-4\"\u001b[39m\n        \u001b[36m>\u001b[39m\n          \u001b[36m<span\u001b[39m\n            \u001b[33mclass\u001b[39m=\u001b[32m\"w-1/5 h-full flex justify-center items-center\"\u001b[39m\n          \u001b[36m>\u001b[39m\n            \u001b[36m<span />\u001b[39m\n          \u001b[36m</span>\u001b[39m\n          \u001b[36m<span\u001b[39m\n            \u001b[33mclass\u001b[39m=\u001b[32m\"w-2/5 h-full flex justify-start  items-center md:pl-4\"\u001b[39m\n          \u001b[36m>\u001b[39m\n            \u001b[36m<p\u001b[39m\n              \u001b[33mclass\u001b[39m=\u001b[32m\"lg:text-[13px] text-[10px] text-center leading-tight whitespace-pre-line font-semibold\"\u001b[39m\n            \u001b[36m>\u001b[39m\n              \u001b[0mAccess this top-rated course,plus \u001b[0m\n              \u001b[36m<br />\u001b[39m\n              \u001b[0m 1,300+ more top rated courses \u001b[0m\n              \u001b[36m<br />\u001b[39m\n              \u001b[0mwith a brainnest\u001b[0m\n            \u001b[36m</p>\u001b[39m\n          \u001b[36m</span>\u001b[39m\n          \u001b[36m<hr />\u001b[39m\n          \u001b[36m<span\u001b[39m\n            \u001b[33mclass\u001b[39m=\u001b[32m\"w-1/5 hidden  sm:flex flex-col gap-1 justify-center items-center wrap-break text-center\"\u001b[39m\n          \u001b[36m>\u001b[39m\n            \u001b[36m<div\u001b[39m\n              \u001b[33mdata-testid\u001b[39m=\u001b[32m\"star-rating\"\u001b[39m\n            \u001b[36m>\u001b[39m\n              \u001b[0m4.5\u001b[0m\n            \u001b[36m</div>\u001b[39m\n            \u001b[36m<p>\u001b[39m\n              \u001b[0m4.5\u001b[0m\n              \u001b[0m ratings\u001b[0m\n            \u001b[36m</p>\u001b[39m\n          \u001b[36m</span>\u001b[39m\n          \u001b[36m<hr />\u001b[39m\n          \u001b[36m<span\u001b[39m\n            \u001b[33mclass\u001b[39m=\u001b[32m\"w-2/5 sm:w-1/5 flex flex-col gap-1 justify-center items-center wrap-break text-center\"\u001b[39m\n          \u001b[36m>\u001b[39m\n            \u001b[36m<span />\u001b[39m\n            \u001b[36m<p>\u001b[39m\n              \u001b[0m100\u001b[0m\n              \u001b[0m learners\u001b[0m\n            \u001b[36m</p>\u001b[39m\n          \u001b[36m</span>\u001b[39m\n        \u001b[36m</div>\u001b[39m\n        \u001b[36m<div\u001b[39m\n          \u001b[33mclass\u001b[39m=\u001b[32m\"w-full min-h-25 flex flex-col justify-start items-start border-2 py-2 px-4 mt-4  \"\u001b[39m\n        \u001b[36m>\u001b[39m\n          \u001b[36m<h3\u001b[39m\n            \u001b[33mclass\u001b[39m=\u001b[32m\"text-2xl font-semibold\"\u001b[39m\n          \u001b[36m>\u001b[39m\n            \u001b[0mWhat you'll learn\u001b[0m\n          \u001b[36m</h3>\u001b[39m\n          \u001b[36m<ul\u001b[39m\n            \u001b[33mclass\u001b[39m=\u001b[32m\"list-none list-inside dark:text-white text-black  pl-3 py-3 \"\u001b[39m\n          \u001b[36m>\u001b[39m\n            \u001b[36m<li>\u001b[39m\n              \u001b[36m<span\u001b[39m\n                \u001b[33mdata-testid\u001b[39m=\u001b[32m\"tick-icon\"\u001b[39m\n              \u001b[36m/>\u001b[39m\n              \u001b[0mJavaScript fundamentals\u001b[0m\n            \u001b[36m</li>\u001b[39m\n            \u001b[36m<li>\u001b[39m\n              \u001b[36m<span\u001b[39m\n                \u001b[33mdata-testid\u001b[39m=\u001b[32m\"tick-icon\"\u001b[39...\n    at Object.getElementError (C:\\Hussain\\Full Stack-MERN\\Brainnest Turborepo\\node_modules\\.pnpm\\@testing-library+dom@10.4.1\\node_modules\\@testing-library\\dom\\dist\\config.js:37:19)\n    at C:\\Hussain\\Full Stack-MERN\\Brainnest Turborepo\\node_modules\\.pnpm\\@testing-library+dom@10.4.1\\node_modules\\@testing-library\\dom\\dist\\query-helpers.js:76:38\n    at C:\\Hussain\\Full Stack-MERN\\Brainnest Turborepo\\node_modules\\.pnpm\\@testing-library+dom@10.4.1\\node_modules\\@testing-library\\dom\\dist\\query-helpers.js:52:17\n    at getByText (C:\\Hussain\\Full Stack-MERN\\Brainnest Turborepo\\node_modules\\.pnpm\\@testing-library+dom@10.4.1\\node_modules\\@testing-library\\dom\\dist\\query-helpers.js:95:19)\n    at Object.<anonymous> (C:\\Hussain\\Full Stack-MERN\\Brainnest Turborepo\\apps\\web\\src\\app\\components\\CourseIDComp\\CourseIDCompTest.test.tsx:602:19)\n    at Promise.finally.completed (C:\\Hussain\\Full Stack-MERN\\Brainnest Turborepo\\node_modules\\.pnpm\\jest-circus@30.4.2_supports-color@8.1.1\\node_modules\\jest-circus\\build\\jestAdapterInit.js:1561:28)\n    at new Promise (<anonymous>)\n    at callAsyncCircusFn (C:\\Hussain\\Full Stack-MERN\\Brainnest Turborepo\\node_modules\\.pnpm\\jest-circus@30.4.2_supports-color@8.1.1\\node_modules\\jest-circus\\build\\jestAdapterInit.js:1501:10)\n    at _callCircusTest (C:\\Hussain\\Full Stack-MERN\\Brainnest Turborepo\\node_modules\\.pnpm\\jest-circus@30.4.2_supports-color@8.1.1\\node_modules\\jest-circus\\build\\jestAdapterInit.js:1011:40)\n    at async _runTest (C:\\Hussain\\Full Stack-MERN\\Brainnest Turborepo\\node_modules\\.pnpm\\jest-circus@30.4.2_supports-color@8.1.1\\node_modules\\jest-circus\\build\\jestAdapterInit.js:951:3)\n    at async C:\\Hussain\\Full Stack-MERN\\Brainnest Turborepo\\node_modules\\.pnpm\\jest-circus@30.4.2_supports-color@8.1.1\\node_modules\\jest-circus\\build\\jestAdapterInit.js:853:7\n    at async _runTestsForDescribeBlock (C:\\Hussain\\Full Stack-MERN\\Brainnest Turborepo\\node_modules\\.pnpm\\jest-circus@30.4.2_supports-color@8.1.1\\node_modules\\jest-circus\\build\\jestAdapterInit.js:866:11)\n    at async _runTestsForDescribeBlock (C:\\Hussain\\Full Stack-MERN\\Brainnest Turborepo\\node_modules\\.pnpm\\jest-circus@30.4.2_supports-color@8.1.1\\node_modules\\jest-circus\\build\\jestAdapterInit.js:861:11)\n    at async run (C:\\Hussain\\Full Stack-MERN\\Brainnest Turborepo\\node_modules\\.pnpm\\jest-circus@30.4.2_supports-color@8.1.1\\node_modules\\jest-circus\\build\\jestAdapterInit.js:765:3)\n    at async runAndTransformResultsToJestFormat (C:\\Hussain\\Full Stack-MERN\\Brainnest Turborepo\\node_modules\\.pnpm\\jest-circus@30.4.2_supports-color@8.1.1\\node_modules\\jest-circus\\build\\jestAdapterInit.js:1993:21)\n    at async jestAdapter (C:\\Hussain\\Full Stack-MERN\\Brainnest Turborepo\\node_modules\\.pnpm\\jest-circus@30.4.2_supports-color@8.1.1\\node_modules\\jest-circus\\build\\runner.js:111:19)\n    at async runTestInternal (C:\\Hussain\\Full Stack-MERN\\Brainnest Turborepo\\node_modules\\.pnpm\\jest-runner@30.4.2_supports-color@8.1.1\\node_modules\\jest-runner\\build\\index.js:276:16)\n    at async runTest (C:\\Hussain\\Full Stack-MERN\\Brainnest Turborepo\\node_modules\\.pnpm\\jest-runner@30.4.2_supports-color@8.1.1\\node_modules\\jest-runner\\build\\index.js:344:7)"],"fullName":"CourseIdPageComp - Rendering renders formatted course update date","invocations":1,"location":null,"numPassingAsserts":0,"retryReasons":[],"startAt":1788134204219,"status":"failed","title":"renders formatted course update date"},{"ancestorTitles":["CourseIdPageComp - Rendering"],"duration":164,"failing":false,"failureDetails":[],"failureMessages":[],"fullName":"CourseIdPageComp - Rendering renders instructor information","invocations":1,"location":null,"numPassingAsserts":1,"retryReasons":[],"startAt":1788134204536,"status":"passed","title":"renders instructor information"},{"ancestorTitles":["CourseIdPageComp - Rendering"],"duration":152,"failing":false,"failureDetails":[],"failureMessages":[],"fullName":"CourseIdPageComp - Rendering renders related category","invocations":1,"location":null,"numPassingAsserts":1,"retryReasons":[],"startAt":1788134204701,"status":"passed","title":"renders related category"},{"ancestorTitles":["CourseIdPageComp - Description"],"duration":2236,"failing":false,"failureDetails":[{"name":"TestingLibraryElementError"}],"failureMessages":["TestingLibraryElementError: Unable to find an accessible element with the role \"button\" and name `/Show more/i`\n\nHere are the accessible roles:\n\n  presentation:\n\n  Name \"\":\n  \u001b[36m<img\u001b[39m\n    \u001b[33malt\u001b[39m=\u001b[32m\"\"\u001b[39m\n    \u001b[33mclass\u001b[39m=\u001b[32m\"rounded-lg\"\u001b[39m\n    \u001b[33msrc\u001b[39m=\u001b[32m\"/course.jpg\"\u001b[39m\n  \u001b[36m/>\u001b[39m\n\n  --------------------------------------------------\n  button:\n\n  Name \"like-course\":\n  \u001b[36m<button\u001b[39m\n    \u001b[33maria-label\u001b[39m=\u001b[32m\"like-course\"\u001b[39m\n  \u001b[36m/>\u001b[39m\n\n  Name \"add-to-cart\":\n  \u001b[36m<button\u001b[39m\n    \u001b[33maria-label\u001b[39m=\u001b[32m\"add-to-cart\"\u001b[39m\n  \u001b[36m/>\u001b[39m\n\n  Name \"Buy Now\":\n  \u001b[36m<button\u001b[39m\n    \u001b[33mclass\u001b[39m=\u001b[32m\"group-hover:scale-110 ease-in-out duration-400 transition-transform active:scale-90\"\u001b[39m\n    \u001b[33mvariant\u001b[39m=\u001b[32m\"default\"\u001b[39m\n  \u001b[36m/>\u001b[39m\n\n  Name \"expand-section\":\n  \u001b[36m<button\u001b[39m\n    \u001b[33maria-label\u001b[39m=\u001b[32m\"expand-section\"\u001b[39m\n    \u001b[33mclass\u001b[39m=\u001b[32m\"w-1/2 flex justify-start items-center gap-4\"\u001b[39m\n  \u001b[36m/>\u001b[39m\n\n  Name \"expand-section\":\n  \u001b[36m<button\u001b[39m\n    \u001b[33maria-label\u001b[39m=\u001b[32m\"expand-section\"\u001b[39m\n    \u001b[33mclass\u001b[39m=\u001b[32m\"text-blue-500 hover:underline w-fit px-4 py-2 border flex gap-2 items-center\"\u001b[39m\n  \u001b[36m/>\u001b[39m\n\n  Name \"previous\":\n  \u001b[36m<button\u001b[39m\n    \u001b[33maria-label\u001b[39m=\u001b[32m\"previous\"\u001b[39m\n  \u001b[36m/>\u001b[39m\n\n  Name \"next\":\n  \u001b[36m<button\u001b[39m\n    \u001b[33maria-label\u001b[39m=\u001b[32m\"next\"\u001b[39m\n  \u001b[36m/>\u001b[39m\n\n  Name \"previous\":\n  \u001b[36m<button\u001b[39m\n    \u001b[33maria-label\u001b[39m=\u001b[32m\"previous\"\u001b[39m\n  \u001b[36m/>\u001b[39m\n\n  Name \"next\":\n  \u001b[36m<button\u001b[39m\n    \u001b[33maria-label\u001b[39m=\u001b[32m\"next\"\u001b[39m\n  \u001b[36m/>\u001b[39m\n\n  --------------------------------------------------\n  paragraph:\n\n  Name \"\":\n  \u001b[36m<p\u001b[39m\n    \u001b[33mclass\u001b[39m=\u001b[32m\"dark:text-white text-black text-2xl sm:text-3xl lg:text-4xl capitalize whitespace-normal wrap-break-word line-clamp-3 leading-tight cursor-pointer\"\u001b[39m\n  \u001b[36m/>\u001b[39m\n\n  Name \"\":\n  \u001b[36m<p\u001b[39m\n    \u001b[33mclass\u001b[39m=\u001b[32m\"dark:text-white text-black text-2xl capitalize whitespace-normal wrap-break-word line-clamp-2\"\u001b[39m\n  \u001b[36m/>\u001b[39m\n\n  Name \"\":\n  \u001b[36m<p />\u001b[39m\n\n  Name \"\":\n  \u001b[36m<p\u001b[39m\n    \u001b[33mclass\u001b[39m=\u001b[32m\"lg:text-[13px] text-[10px] text-center leading-tight whitespace-pre-line font-semibold\"\u001b[39m\n  \u001b[36m/>\u001b[39m\n\n  Name \"\":\n  \u001b[36m<p />\u001b[39m\n\n  Name \"\":\n  \u001b[36m<p />\u001b[39m\n\n  Name \"\":\n  \u001b[36m<p\u001b[39m\n    \u001b[33mclass\u001b[39m=\u001b[32m\"whitespace-pre\"\u001b[39m\n  \u001b[36m/>\u001b[39m\n\n  Name \"\":\n  \u001b[36m<p />\u001b[39m\n\n  Name \"\":\n  \u001b[36m<p />\u001b[39m\n\n  Name \"\":\n  \u001b[36m<p\u001b[39m\n    \u001b[33mclass\u001b[39m=\u001b[32m\"text-2xl\"\u001b[39m\n  \u001b[36m/>\u001b[39m\n\n  Name \"\":\n  \u001b[36m<p\u001b[39m\n    \u001b[33mclass\u001b[39m=\u001b[32m\"text-2xl\"\u001b[39m\n  \u001b[36m/>\u001b[39m\n\n  Name \"\":\n  \u001b[36m<p />\u001b[39m\n\n  Name \"\":\n  \u001b[36m<p />\u001b[39m\n\n  Name \"\":\n  \u001b[36m<p\u001b[39m\n    \u001b[33mclass\u001b[39m=\u001b[32m\"text-gray-600\"\u001b[39m\n  \u001b[36m/>\u001b[39m\n\n  Name \"\":\n  \u001b[36m<p\u001b[39m\n    \u001b[33mclass\u001b[39m=\u001b[32m\"text-sm\"\u001b[39m\n  \u001b[36m/>\u001b[39m\n\n  Name \"\":\n  \u001b[36m<p\u001b[39m\n    \u001b[33mclass\u001b[39m=\u001b[32m\"capitalize text-sm font-semibold wrap-break-word leading-snug\"\u001b[39m\n  \u001b[36m/>\u001b[39m\n\n  Name \"\":\n  \u001b[36m<p\u001b[39m\n    \u001b[33mclass\u001b[39m=\u001b[32m\"text-sm text-muted-foreground\"\u001b[39m\n  \u001b[36m/>\u001b[39m\n\n  Name \"\":\n  \u001b[36m<p\u001b[39m\n    \u001b[33mclass\u001b[39m=\u001b[32m\"text-lg font-semibold w-2/5 flex items-center\"\u001b[39m\n  \u001b[36m/>\u001b[39m\n\n  Name \"\":\n  \u001b[36m<p\u001b[39m\n    \u001b[33mclass\u001b[39m=\u001b[32m\"flex gap-2 items-center justify-end w-1/6 \"\u001b[39m\n  \u001b[36m/>\u001b[39m\n\n  Name \"\":\n  \u001b[36m<p\u001b[39m\n    \u001b[33mclass\u001b[39m=\u001b[32m\"flex gap-2 items-center justify-end w-1/6 text-xl\"\u001b[39m\n  \u001b[36m/>\u001b[39m\n\n  Name \"\":\n  \u001b[36m<p\u001b[39m\n    \u001b[33mclass\u001b[39m=\u001b[32m\"flex gap-2 items-center justify-end w-1/6 text-xl\"\u001b[39m\n  \u001b[36m/>\u001b[39m\n\n  Name \"\":\n  \u001b[36m<p\u001b[39m\n    \u001b[33mclass\u001b[39m=\u001b[32m\"text-gray-600\"\u001b[39m\n  \u001b[36m/>\u001b[39m\n\n  Name \"\":\n  \u001b[36m<p\u001b[39m\n    \u001b[33mclass\u001b[39m=\u001b[32m\"text-sm wrap-break-word line-clamp-5\"\u001b[39m\n  \u001b[36m/>\u001b[39m\n\n  Name \"\":\n  \u001b[36m<p\u001b[39m\n    \u001b[33mclass\u001b[39m=\u001b[32m\"capitalize text-sm font-semibold wrap-word-break leading-snug\"\u001b[39m\n  \u001b[36m/>\u001b[39m\n\n  Name \"\":\n  \u001b[36m<p\u001b[39m\n    \u001b[33mclass\u001b[39m=\u001b[32m\"text-sm text-muted-foreground\"\u001b[39m\n  \u001b[36m/>\u001b[39m\n\n  --------------------------------------------------\n  separator:\n\n  Name \"\":\n  \u001b[36m<hr />\u001b[39m\n\n  Name \"\":\n  \u001b[36m<hr />\u001b[39m\n\n  --------------------------------------------------\n  heading:\n\n  Name \"What you'll learn\":\n  \u001b[36m<h3\u001b[39m\n    \u001b[33mclass\u001b[39m=\u001b[32m\"text-2xl font-semibold\"\u001b[39m\n  \u001b[36m/>\u001b[39m\n\n  Name \"Explore Releated Topics\":\n  \u001b[36m<h3\u001b[39m\n    \u001b[33mclass\u001b[39m=\u001b[32m\"text-2xl font-semibold \"\u001b[39m\n  \u001b[36m/>\u001b[39m\n\n  Name \"This course includes :\":\n  \u001b[36m<h3\u001b[39m\n    \u001b[33mclass\u001b[39m=\u001b[32m\"text-2xl font-semibold \"\u001b[39m\n  \u001b[36m/>\u001b[39m\n\n  Name \"Course content\":\n  \u001b[36m<h3\u001b[39m\n    \u001b[33mclass\u001b[39m=\u001b[32m\"text-2xl font-semibold \"\u001b[39m\n  \u001b[36m/>\u001b[39m\n\n  Name \"Requirements\":\n  \u001b[36m<h3\u001b[39m\n    \u001b[33mclass\u001b[39m=\u001b[32m\"text-2xl font-semibold px-2\"\u001b[39m\n  \u001b[36m/>\u001b[39m\n\n  Name \"Description\":\n  \u001b[36m<h3\u001b[39m\n    \u001b[33mclass\u001b[39m=\u001b[32m\"text-2xl font-semibold px-2\"\u001b[39m\n  \u001b[36m/>\u001b[39m\n\n  Name \"Instructor\":\n  \u001b[36m<h3\u001b[39m\n    \u001b[33mclass\u001b[39m=\u001b[32m\"text-2xl font-semibold px-2\"\u001b[39m\n  \u001b[36m/>\u001b[39m\n\n  Name \"See what others are achieving through learning\":\n  \u001b[36m<h2\u001b[39m\n    \u001b[33mclass\u001b[39m=\u001b[32m\"text-3xl font-bold \"\u001b[39m\n  \u001b[36m/>\u001b[39m\n\n  --------------------------------------------------\n  list:\n\n  Name \"\":\n  \u001b[36m<ul\u001b[39m\n    \u001b[33mclass\u001b[39m=\u001b[32m\"list-none list-inside dark:text-white text-black  pl-3 py-3 \"\u001b[39m\n  \u001b[36m/>\u001b[39m\n\n  Name \"\":\n  \u001b[36m<ul />\u001b[39m\n\n  --------------------------------------------------\n  listitem:\n\n  Name \"\":\n  \u001b[36m<li />\u001b[39m\n\n  Name \"\":\n  \u001b[36m<li />\u001b[39m\n\n  Name \"\":\n  \u001b[36m<li />\u001b[39m\n\n  Name \"\":\n  \u001b[36m<li\u001b[39m\n    \u001b[33mclass\u001b[39m=\u001b[32m\"flex gap-2 justify-start items-center\"\u001b[39m\n  \u001b[36m/>\u001b[39m\n\n  Name \"\":\n  \u001b[36m<li\u001b[39m\n    \u001b[33mclass\u001b[39m=\u001b[32m\"flex gap-2 justify-start items-center\"\u001b[39m\n  \u001b[36m/>\u001b[39m\n\n  --------------------------------------------------\n  link:\n\n  Name \"JavaScript\":\n  \u001b[36m<a\u001b[39m\n    \u001b[33mhref\u001b[39m=\u001b[32m\"/courses/javascript\"\u001b[39m\n  \u001b[36m/>\u001b[39m\n\n  Name \"Excellent course! John John 2026-08-01\":\n  \u001b[36m<a\u001b[39m\n    \u001b[33mhref\u001b[39m=\u001b[32m\"/\"\u001b[39m\n  \u001b[36m/>\u001b[39m\n\n  Name \"Excellent course! John 2 days ago\":\n  \u001b[36m<a\u001b[39m\n    \u001b[33mhref\u001b[39m=\u001b[32m\"/\"\u001b[39m\n  \u001b[36m/>\u001b[39m\n\n  --------------------------------------------------\n  img:\n\n  Name \"John\":\n  \u001b[36m<img\u001b[39m\n    \u001b[33malt\u001b[39m=\u001b[32m\"John\"\u001b[39m\n    \u001b[33mclass\u001b[39m=\u001b[32m\"object-cover rounded-full\"\u001b[39m\n    \u001b[33msrc\u001b[39m=\u001b[32m\"https://img-c.udemycdn.com/user/100x100/12345678.jpg\"\u001b[39m\n  \u001b[36m/>\u001b[39m\n\n  --------------------------------------------------\n\nIgnored nodes: comments, script, style\n\u001b[36m<body>\u001b[39m\n  \u001b[36m<div>\u001b[39m\n    \u001b[36m<div\u001b[39m\n      \u001b[33mclass\u001b[39m=\u001b[32m\"relative w-full min-h-screen flex flex-col gap-6 py-18 pt-0\"\u001b[39m\n    \u001b[36m>\u001b[39m\n      \u001b[36m<div\u001b[39m\n        \u001b[33mclass\u001b[39m=\u001b[32m\"absolute top-0 left-0 w-full h-1/2 dark:bg-black bg-white z-[-1]\"\u001b[39m\n      \u001b[36m/>\u001b[39m\n      \u001b[36m<div\u001b[39m\n        \u001b[33mclass\u001b[39m=\u001b[32m\"w-[90%] md:w-[70%] lg:w-[60%] bg-transparent mx-auto flex flex-col justify-start items-center relative\"\u001b[39m\n      \u001b[36m>\u001b[39m\n        \u001b[36m<div\u001b[39m\n          \u001b[33mclass\u001b[39m=\u001b[32m\"relative w-full h-75 overflow-hidden\"\u001b[39m\n        \u001b[36m>\u001b[39m\n          \u001b[36m<img\u001b[39m\n            \u001b[33malt\u001b[39m=\u001b[32m\"\"\u001b[39m\n            \u001b[33mclass\u001b[39m=\u001b[32m\"rounded-lg\"\u001b[39m\n            \u001b[33msrc\u001b[39m=\u001b[32m\"/course.jpg\"\u001b[39m\n          \u001b[36m/>\u001b[39m\n        \u001b[36m</div>\u001b[39m\n      \u001b[36m</div>\u001b[39m\n      \u001b[36m<div\u001b[39m\n        \u001b[33mclass\u001b[39m=\u001b[32m\"relative w-[90%] md:w-[90%] lg:w-[60%] bg-transparent mx-auto flex flex-col justify-start items-center h-full gap-6 min-h-screen pt-2\"\u001b[39m\n      \u001b[36m>\u001b[39m\n        \u001b[36m<div\u001b[39m\n          \u001b[33mclass\u001b[39m=\u001b[32m\"absolute right-0 top-2 w-10 h-10 rounded-full flex items-center justify-center border border-gray-300 group cursor-pointer\"\u001b[39m\n        \u001b[36m>\u001b[39m\n          \u001b[36m<button\u001b[39m\n            \u001b[33maria-label\u001b[39m=\u001b[32m\"like-course\"\u001b[39m\n          \u001b[36m>\u001b[39m\n            \u001b[0mLike\u001b[0m\n          \u001b[36m</button>\u001b[39m\n        \u001b[36m</div>\u001b[39m\n        \u001b[36m<div\u001b[39m\n          \u001b[33mclass\u001b[39m=\u001b[32m\"absolute right-12 top-2 w-10 h-10 rounded-full flex items-center justify-center border border-gray-300 group cursor-pointer\"\u001b[39m\n        \u001b[36m>\u001b[39m\n          \u001b[36m<button\u001b[39m\n            \u001b[33maria-label\u001b[39m=\u001b[32m\"add-to-cart\"\u001b[39m\n          \u001b[36m>\u001b[39m\n            \u001b[0mAdd Cart\u001b[0m\n          \u001b[36m</button>\u001b[39m\n        \u001b[36m</div>\u001b[39m\n        \u001b[36m<div\u001b[39m\n          \u001b[33mclass\u001b[39m=\u001b[32m\"absolute right-33 top-2 w-10 h-10  flex items-center justify-center  border-gray-300 group cursor-pointer\"\u001b[39m\n        \u001b[36m>\u001b[39m\n          \u001b[36m<button\u001b[39m\n            \u001b[33mclass\u001b[39m=\u001b[32m\"group-hover:scale-110 ease-in-out duration-400 transition-transform active:scale-90\"\u001b[39m\n            \u001b[33mvariant\u001b[39m=\u001b[32m\"default\"\u001b[39m\n          \u001b[36m>\u001b[39m\n            \u001b[0mBuy Now\u001b[0m\n          \u001b[36m</button>\u001b[39m\n        \u001b[36m</div>\u001b[39m\n        \u001b[36m<div\u001b[39m\n          \u001b[33mclass\u001b[39m=\u001b[32m\"absolute right-30 top-2 w-10 h-10  flex items-center justify-center  border-gray-300\"\u001b[39m\n        \u001b[36m/>\u001b[39m\n        \u001b[36m<div\u001b[39m\n          \u001b[33mclass\u001b[39m=\u001b[32m\"w-full flex flex-col items-start justify-center gap-3 pt-12 md:pt-0\"\u001b[39m\n        \u001b[36m>\u001b[39m\n          \u001b[36m<p\u001b[39m\n            \u001b[33mclass\u001b[39m=\u001b[32m\"dark:text-white text-black text-2xl sm:text-3xl lg:text-4xl capitalize whitespace-normal wrap-break-word line-clamp-3 leading-tight cursor-pointer\"\u001b[39m\n          \u001b[36m>\u001b[39m\n            \u001b[0mModern JavaScript from Scratch\u001b[0m\n          \u001b[36m</p>\u001b[39m\n          \u001b[36m<span>\u001b[39m\n            \u001b[0mBestseller\u001b[0m\n          \u001b[36m</span>\u001b[39m\n          \u001b[36m<p\u001b[39m\n            \u001b[33mclass\u001b[39m=\u001b[32m\"dark:text-white text-black text-2xl capitalize whitespace-normal wrap-break-word line-clamp-2\"\u001b[39m\n          \u001b[36m>\u001b[39m\n            \u001b[0m₹ \u001b[0m\n            \u001b[0m999\u001b[0m\n          \u001b[36m</p>\u001b[39m\n        \u001b[36m</div>\u001b[39m\n        \u001b[36m<div\u001b[39m\n          \u001b[33mclass\u001b[39m=\u001b[32m\"flex gap-2 w-full   justify-start items-center\"\u001b[39m\n        \u001b[36m>\u001b[39m\n          \u001b[36m<span\u001b[39m\n            \u001b[33mclass\u001b[39m=\u001b[32m\"flex gap-2  items-center\"\u001b[39m\n          \u001b[36m>\u001b[39m\n            \u001b[36m<span />\u001b[39m\n            \u001b[36m<span\u001b[39m\n              \u001b[33mclass\u001b[39m=\u001b[32m\"text-sm\"\u001b[39m\n            \u001b[36m>\u001b[39m\n              \u001b[0mNo date available\u001b[0m\n            \u001b[36m</span>\u001b[39m\n          \u001b[36m</span>\u001b[39m\n          \u001b[36m<span\u001b[39m\n            \u001b[33mclass\u001b[39m=\u001b[32m\"flex gap-2  items-center\"\u001b[39m\n            \u001b[33mdata-testid\u001b[39m=\u001b[32m\"course-language\"\u001b[39m\n          \u001b[36m>\u001b[39m\n            \u001b[36m<span />\u001b[39m\n            \u001b[36m<p>\u001b[39m\n              \u001b[0mEnglish\u001b[0m\n            \u001b[36m</p>\u001b[39m\n          \u001b[36m</span>\u001b[39m\n          \u001b[36m<span\u001b[39m\n            \u001b[33mclass\u001b[39m=\u001b[32m\"flex gap-2 items-center\"\u001b[39m\n          \u001b[36m>\u001b[39m\n            \u001b[36m<span />\u001b[39m\n            \u001b[0mEnglish\u001b[0m\n          \u001b[36m</span>\u001b[39m\n        \u001b[36m</div>\u001b[39m\n        \u001b[36m<div\u001b[39m\n          \u001b[33mclass\u001b[39m=\u001b[32m\"w-full h-30 flex flex-row justify-start items-center border-2 border-gray-300 rounded-lg mt-4\"\u001b[39m\n        \u001b[36m>\u001b[39m\n          \u001b[36m<span\u001b[39m\n            \u001b[33mclass\u001b[39m=\u001b[32m\"w-1/5 h-full flex justify-center items-center\"\u001b[39m\n          \u001b[36m>\u001b[39m\n            \u001b[36m<span />\u001b[39m\n          \u001b[36m</span>\u001b[39m\n          \u001b[36m<span\u001b[39m\n            \u001b[33mclass\u001b[39m=\u001b[32m\"w-2/5 h-full flex justify-start  items-center md:pl-4\"\u001b[39m\n          \u001b[36m>\u001b[39m\n            \u001b[36m<p\u001b[39m\n              \u001b[33mclass\u001b[39m=\u001b[32m\"lg:text-[13px] text-[10px] text-center leading-tight whitespace-pre-line font-semibold\"\u001b[39m\n            \u001b[36m>\u001b[39m\n              \u001b[0mAccess this top-rated course,plus \u001b[0m\n              \u001b[36m<br />\u001b[39m\n              \u001b[0m 1,300+ more top rated courses \u001b[0m\n              \u001b[36m<br />\u001b[39m\n              \u001b[0mwith a brainnest\u001b[0m\n            \u001b[36m</p>\u001b[39m\n          \u001b[36m</span>\u001b[39m\n          \u001b[36m<hr />\u001b[39m\n          \u001b[36m<span\u001b[39m\n            \u001b[33mclass\u001b[39m=\u001b[32m\"w-1/5 hidden  sm:flex flex-col gap-1 justify-center items-center wrap-break text-center\"\u001b[39m\n          \u001b[36m>\u001b[39m\n            \u001b[36m<div\u001b[39m\n              \u001b[33mdata-testid\u001b[39m=\u001b[32m\"star-rating\"\u001b[39m\n            \u001b[36m>\u001b[39m\n              \u001b[0m4.5\u001b[0m\n            \u001b[36m</div>\u001b[39m\n            \u001b[36m<p>\u001b[39m\n              \u001b[0m4.5\u001b[0m\n              \u001b[0m ratings\u001b[0m\n            \u001b[36m</p>\u001b[39m\n          \u001b[36m</span>\u001b[39m\n          \u001b[36m<hr />\u001b[39m\n          \u001b[36m<span\u001b[39m\n            \u001b[33mclass\u001b[39m=\u001b[32m\"w-2/5 sm:w-1/5 flex flex-col gap-1 justify-center items-center wrap-break text-center\"\u001b[39m\n          \u001b[36m>\u001b[39m\n            \u001b[36m<span />\u001b[39m\n            \u001b[36m<p>\u001b[39m\n              \u001b[0m100\u001b[0m\n              \u001b[0m learners\u001b[0m\n            \u001b[36m</p>\u001b[39m\n          \u001b[36m</span>\u001b[39m\n        \u001b[36m</div>\u001b[39m\n        \u001b[36m<div\u001b[39m\n          \u001b[33mclass\u001b[39m=\u001b[32m\"w-full min-h-25 flex flex-col justify-start items-start border-2 py-2 px-4 mt-4  \"\u001b[39m\n        \u001b[36m>\u001b[39m\n          \u001b[36m<h3\u001b[39m\n            \u001b[33mclass\u001b[39m=\u001b[32m\"text-2xl font-semibold\"\u001b[39m\n          \u001b[36m>\u001b[39m\n            \u001b[0mWhat you'll learn\u001b[0m\n          \u001b[36m</h3>\u001b[39m\n          \u001b[36m<ul\u001b[39m\n            \u001b[33mclass\u001b[39m=\u001b[32m\"list-none list-inside dark:text-white text-black  pl-3 py-3 \"\u001b[39m\n          \u001b[36m>\u001b[39m\n            \u001b[36m<li>\u001b[39m\n              \u001b[36m<span\u001b[39m\n                \u001b[33mdata-testid\u001b[39m=\u001b[32m\"tick-icon\"\u001b[39m\n              \u001b[36m/>\u001b[39m\n              \u001b[0mJavaScript fundamentals\u001b[0m\n            \u001b[36m</li>\u001b[39m\n            \u001b[36m<li>\u001b[39m\n              \u001b[36m<span\u001b[39m\n                \u001b[33mdata-testid\u001b[39m=\u001b[32m\"tick-icon\"\u001b[39...\n    at Object.getElementError (C:\\Hussain\\Full Stack-MERN\\Brainnest Turborepo\\node_modules\\.pnpm\\@testing-library+dom@10.4.1\\node_modules\\@testing-library\\dom\\dist\\config.js:37:19)\n    at C:\\Hussain\\Full Stack-MERN\\Brainnest Turborepo\\node_modules\\.pnpm\\@testing-library+dom@10.4.1\\node_modules\\@testing-library\\dom\\dist\\query-helpers.js:76:38\n    at C:\\Hussain\\Full Stack-MERN\\Brainnest Turborepo\\node_modules\\.pnpm\\@testing-library+dom@10.4.1\\node_modules\\@testing-library\\dom\\dist\\query-helpers.js:52:17\n    at getByRole (C:\\Hussain\\Full Stack-MERN\\Brainnest Turborepo\\node_modules\\.pnpm\\@testing-library+dom@10.4.1\\node_modules\\@testing-library\\dom\\dist\\query-helpers.js:95:19)\n    at Object.<anonymous> (C:\\Hussain\\Full Stack-MERN\\Brainnest Turborepo\\apps\\web\\src\\app\\components\\CourseIDComp\\CourseIDCompTest.test.tsx:626:35)\n    at Promise.finally.completed (C:\\Hussain\\Full Stack-MERN\\Brainnest Turborepo\\node_modules\\.pnpm\\jest-circus@30.4.2_supports-color@8.1.1\\node_modules\\jest-circus\\build\\jestAdapterInit.js:1561:28)\n    at new Promise (<anonymous>)\n    at callAsyncCircusFn (C:\\Hussain\\Full Stack-MERN\\Brainnest Turborepo\\node_modules\\.pnpm\\jest-circus@30.4.2_supports-color@8.1.1\\node_modules\\jest-circus\\build\\jestAdapterInit.js:1501:10)\n    at _callCircusTest (C:\\Hussain\\Full Stack-MERN\\Brainnest Turborepo\\node_modules\\.pnpm\\jest-circus@30.4.2_supports-color@8.1.1\\node_modules\\jest-circus\\build\\jestAdapterInit.js:1011:40)\n    at async _runTest (C:\\Hussain\\Full Stack-MERN\\Brainnest Turborepo\\node_modules\\.pnpm\\jest-circus@30.4.2_supports-color@8.1.1\\node_modules\\jest-circus\\build\\jestAdapterInit.js:951:3)\n    at async C:\\Hussain\\Full Stack-MERN\\Brainnest Turborepo\\node_modules\\.pnpm\\jest-circus@30.4.2_supports-color@8.1.1\\node_modules\\jest-circus\\build\\jestAdapterInit.js:853:7\n    at async _runTestsForDescribeBlock (C:\\Hussain\\Full Stack-MERN\\Brainnest Turborepo\\node_modules\\.pnpm\\jest-circus@30.4.2_supports-color@8.1.1\\node_modules\\jest-circus\\build\\jestAdapterInit.js:866:11)\n    at async _runTestsForDescribeBlock (C:\\Hussain\\Full Stack-MERN\\Brainnest Turborepo\\node_modules\\.pnpm\\jest-circus@30.4.2_supports-color@8.1.1\\node_modules\\jest-circus\\build\\jestAdapterInit.js:861:11)\n    at async run (C:\\Hussain\\Full Stack-MERN\\Brainnest Turborepo\\node_modules\\.pnpm\\jest-circus@30.4.2_supports-color@8.1.1\\node_modules\\jest-circus\\build\\jestAdapterInit.js:765:3)\n    at async runAndTransformResultsToJestFormat (C:\\Hussain\\Full Stack-MERN\\Brainnest Turborepo\\node_modules\\.pnpm\\jest-circus@30.4.2_supports-color@8.1.1\\node_modules\\jest-circus\\build\\jestAdapterInit.js:1993:21)\n    at async jestAdapter (C:\\Hussain\\Full Stack-MERN\\Brainnest Turborepo\\node_modules\\.pnpm\\jest-circus@30.4.2_supports-color@8.1.1\\node_modules\\jest-circus\\build\\runner.js:111:19)\n    at async runTestInternal (C:\\Hussain\\Full Stack-MERN\\Brainnest Turborepo\\node_modules\\.pnpm\\jest-runner@30.4.2_supports-color@8.1.1\\node_modules\\jest-runner\\build\\index.js:276:16)\n    at async runTest (C:\\Hussain\\Full Stack-MERN\\Brainnest Turborepo\\node_modules\\.pnpm\\jest-runner@30.4.2_supports-color@8.1.1\\node_modules\\jest-runner\\build\\index.js:344:7)"],"fullName":"CourseIdPageComp - Description truncates long description initially","invocations":1,"location":null,"numPassingAsserts":0,"retryReasons":[],"startAt":1788134204854,"status":"failed","title":"truncates long description initially"},{"ancestorTitles":["CourseIdPageComp - Description"],"duration":233,"failing":false,"failureDetails":[{"name":"TestingLibraryElementError"}],"failureMessages":["TestingLibraryElementError: Found multiple elements with the role \"button\" and name \"expand-section\"\n\nHere are the matching elements:\n\nIgnored nodes: comments, script, style\n\u001b[36m<button\u001b[39m\n  \u001b[33maria-label\u001b[39m=\u001b[32m\"expand-section\"\u001b[39m\n  \u001b[33mclass\u001b[39m=\u001b[32m\"w-1/2 flex justify-start items-center gap-4\"\u001b[39m\n\u001b[36m>\u001b[39m\n  \u001b[36m<svg\u001b[39m\n    \u001b[33mdata-testid\u001b[39m=\u001b[32m\"arrow-down\"\u001b[39m\n  \u001b[36m/>\u001b[39m\n  \u001b[0m \u001b[0m\n  \u001b[0mJavaScript Basics\u001b[0m\n\u001b[36m</button>\u001b[39m\n\nIgnored nodes: comments, script, style\n\u001b[36m<button\u001b[39m\n  \u001b[33maria-label\u001b[39m=\u001b[32m\"expand-section\"\u001b[39m\n  \u001b[33mclass\u001b[39m=\u001b[32m\"text-blue-500 hover:underline w-fit px-4 py-2 border flex gap-2 items-center\"\u001b[39m\n\u001b[36m>\u001b[39m\n  \u001b[36m<span>\u001b[39m\n    \u001b[0mShow more\u001b[0m\n  \u001b[36m</span>\u001b[39m\n  \u001b[36m<svg\u001b[39m\n    \u001b[33mdata-testid\u001b[39m=\u001b[32m\"arrow-down\"\u001b[39m\n  \u001b[36m/>\u001b[39m\n\u001b[36m</button>\u001b[39m\n\n(If this is intentional, then use the `*AllBy*` variant of the query (like `queryAllByText`, `getAllByText`, or `findAllByText`)).\n\nIgnored nodes: comments, script, style\n\u001b[36m<body>\u001b[39m\n  \u001b[36m<div>\u001b[39m\n    \u001b[36m<div\u001b[39m\n      \u001b[33mclass\u001b[39m=\u001b[32m\"relative w-full min-h-screen flex flex-col gap-6 py-18 pt-0\"\u001b[39m\n    \u001b[36m>\u001b[39m\n      \u001b[36m<div\u001b[39m\n        \u001b[33mclass\u001b[39m=\u001b[32m\"absolute top-0 left-0 w-full h-1/2 dark:bg-black bg-white z-[-1]\"\u001b[39m\n      \u001b[36m/>\u001b[39m\n      \u001b[36m<div\u001b[39m\n        \u001b[33mclass\u001b[39m=\u001b[32m\"w-[90%] md:w-[70%] lg:w-[60%] bg-transparent mx-auto flex flex-col justify-start items-center relative\"\u001b[39m\n      \u001b[36m>\u001b[39m\n        \u001b[36m<div\u001b[39m\n          \u001b[33mclass\u001b[39m=\u001b[32m\"relative w-full h-75 overflow-hidden\"\u001b[39m\n        \u001b[36m>\u001b[39m\n          \u001b[36m<img\u001b[39m\n            \u001b[33malt\u001b[39m=\u001b[32m\"\"\u001b[39m\n            \u001b[33mclass\u001b[39m=\u001b[32m\"rounded-lg\"\u001b[39m\n            \u001b[33msrc\u001b[39m=\u001b[32m\"/course.jpg\"\u001b[39m\n          \u001b[36m/>\u001b[39m\n        \u001b[36m</div>\u001b[39m\n      \u001b[36m</div>\u001b[39m\n      \u001b[36m<div\u001b[39m\n        \u001b[33mclass\u001b[39m=\u001b[32m\"relative w-[90%] md:w-[90%] lg:w-[60%] bg-transparent mx-auto flex flex-col justify-start items-center h-full gap-6 min-h-screen pt-2\"\u001b[39m\n      \u001b[36m>\u001b[39m\n        \u001b[36m<div\u001b[39m\n          \u001b[33mclass\u001b[39m=\u001b[32m\"absolute right-0 top-2 w-10 h-10 rounded-full flex items-center justify-center border border-gray-300 group cursor-pointer\"\u001b[39m\n        \u001b[36m>\u001b[39m\n          \u001b[36m<button\u001b[39m\n            \u001b[33maria-label\u001b[39m=\u001b[32m\"like-course\"\u001b[39m\n          \u001b[36m>\u001b[39m\n            \u001b[0mLike\u001b[0m\n          \u001b[36m</button>\u001b[39m\n        \u001b[36m</div>\u001b[39m\n        \u001b[36m<div\u001b[39m\n          \u001b[33mclass\u001b[39m=\u001b[32m\"absolute right-12 top-2 w-10 h-10 rounded-full flex items-center justify-center border border-gray-300 group cursor-pointer\"\u001b[39m\n        \u001b[36m>\u001b[39m\n          \u001b[36m<button\u001b[39m\n            \u001b[33maria-label\u001b[39m=\u001b[32m\"add-to-cart\"\u001b[39m\n          \u001b[36m>\u001b[39m\n            \u001b[0mAdd Cart\u001b[0m\n          \u001b[36m</button>\u001b[39m\n        \u001b[36m</div>\u001b[39m\n        \u001b[36m<div\u001b[39m\n          \u001b[33mclass\u001b[39m=\u001b[32m\"absolute right-33 top-2 w-10 h-10  flex items-center justify-center  border-gray-300 group cursor-pointer\"\u001b[39m\n        \u001b[36m>\u001b[39m\n          \u001b[36m<button\u001b[39m\n            \u001b[33mclass\u001b[39m=\u001b[32m\"group-hover:scale-110 ease-in-out duration-400 transition-transform active:scale-90\"\u001b[39m\n            \u001b[33mvariant\u001b[39m=\u001b[32m\"default\"\u001b[39m\n          \u001b[36m>\u001b[39m\n            \u001b[0mBuy Now\u001b[0m\n          \u001b[36m</button>\u001b[39m\n        \u001b[36m</div>\u001b[39m\n        \u001b[36m<div\u001b[39m\n          \u001b[33mclass\u001b[39m=\u001b[32m\"absolute right-30 top-2 w-10 h-10  flex items-center justify-center  border-gray-300\"\u001b[39m\n        \u001b[36m/>\u001b[39m\n        \u001b[36m<div\u001b[39m\n          \u001b[33mclass\u001b[39m=\u001b[32m\"w-full flex flex-col items-start justify-center gap-3 pt-12 md:pt-0\"\u001b[39m\n        \u001b[36m>\u001b[39m\n          \u001b[36m<p\u001b[39m\n            \u001b[33mclass\u001b[39m=\u001b[32m\"dark:text-white text-black text-2xl sm:text-3xl lg:text-4xl capitalize whitespace-normal wrap-break-word line-clamp-3 leading-tight cursor-pointer\"\u001b[39m\n          \u001b[36m>\u001b[39m\n            \u001b[0mModern JavaScript from Scratch\u001b[0m\n          \u001b[36m</p>\u001b[39m\n          \u001b[36m<span>\u001b[39m\n            \u001b[0mBestseller\u001b[0m\n          \u001b[36m</span>\u001b[39m\n          \u001b[36m<p\u001b[39m\n            \u001b[33mclass\u001b[39m=\u001b[32m\"dark:text-white text-black text-2xl capitalize whitespace-normal wrap-break-word line-clamp-2\"\u001b[39m\n          \u001b[36m>\u001b[39m\n            \u001b[0m₹ \u001b[0m\n            \u001b[0m999\u001b[0m\n          \u001b[36m</p>\u001b[39m\n        \u001b[36m</div>\u001b[39m\n        \u001b[36m<div\u001b[39m\n          \u001b[33mclass\u001b[39m=\u001b[32m\"flex gap-2 w-full   justify-start items-center\"\u001b[39m\n        \u001b[36m>\u001b[39m\n          \u001b[36m<span\u001b[39m\n            \u001b[33mclass\u001b[39m=\u001b[32m\"flex gap-2  items-center\"\u001b[39m\n          \u001b[36m>\u001b[39m\n            \u001b[36m<span />\u001b[39m\n            \u001b[36m<span\u001b[39m\n              \u001b[33mclass\u001b[39m=\u001b[32m\"text-sm\"\u001b[39m\n            \u001b[36m>\u001b[39m\n              \u001b[0mNo date available\u001b[0m\n            \u001b[36m</span>\u001b[39m\n          \u001b[36m</span>\u001b[39m\n          \u001b[36m<span\u001b[39m\n            \u001b[33mclass\u001b[39m=\u001b[32m\"flex gap-2  items-center\"\u001b[39m\n            \u001b[33mdata-testid\u001b[39m=\u001b[32m\"course-language\"\u001b[39m\n          \u001b[36m>\u001b[39m\n            \u001b[36m<span />\u001b[39m\n            \u001b[36m<p>\u001b[39m\n              \u001b[0mEnglish\u001b[0m\n            \u001b[36m</p>\u001b[39m\n          \u001b[36m</span>\u001b[39m\n          \u001b[36m<span\u001b[39m\n            \u001b[33mclass\u001b[39m=\u001b[32m\"flex gap-2 items-center\"\u001b[39m\n          \u001b[36m>\u001b[39m\n            \u001b[36m<span />\u001b[39m\n            \u001b[0mEnglish\u001b[0m\n          \u001b[36m</span>\u001b[39m\n        \u001b[36m</div>\u001b[39m\n        \u001b[36m<div\u001b[39m\n          \u001b[33mclass\u001b[39m=\u001b[32m\"w-full h-30 flex flex-row justify-start items-center border-2 border-gray-300 rounded-lg mt-4\"\u001b[39m\n        \u001b[36m>\u001b[39m\n          \u001b[36m<span\u001b[39m\n            \u001b[33mclass\u001b[39m=\u001b[32m\"w-1/5 h-full flex justify-center items-center\"\u001b[39m\n          \u001b[36m>\u001b[39m\n            \u001b[36m<span />\u001b[39m\n          \u001b[36m</span>\u001b[39m\n          \u001b[36m<span\u001b[39m\n            \u001b[33mclass\u001b[39m=\u001b[32m\"w-2/5 h-full flex justify-start  items-center md:pl-4\"\u001b[39m\n          \u001b[36m>\u001b[39m\n            \u001b[36m<p\u001b[39m\n              \u001b[33mclass\u001b[39m=\u001b[32m\"lg:text-[13px] text-[10px] text-center leading-tight whitespace-pre-line font-semibold\"\u001b[39m\n            \u001b[36m>\u001b[39m\n              \u001b[0mAccess this top-rated course,plus \u001b[0m\n              \u001b[36m<br />\u001b[39m\n              \u001b[0m 1,300+ more top rated courses \u001b[0m\n              \u001b[36m<br />\u001b[39m\n              \u001b[0mwith a brainnest\u001b[0m\n            \u001b[36m</p>\u001b[39m\n          \u001b[36m</span>\u001b[39m\n          \u001b[36m<hr />\u001b[39m\n          \u001b[36m<span\u001b[39m\n            \u001b[33mclass\u001b[39m=\u001b[32m\"w-1/5 hidden  sm:flex flex-col gap-1 justify-center items-center wrap-break text-center\"\u001b[39m\n          \u001b[36m>\u001b[39m\n            \u001b[36m<div\u001b[39m\n              \u001b[33mdata-testid\u001b[39m=\u001b[32m\"star-rating\"\u001b[39m\n            \u001b[36m>\u001b[39m\n              \u001b[0m4.5\u001b[0m\n            \u001b[36m</div>\u001b[39m\n            \u001b[36m<p>\u001b[39m\n              \u001b[0m4.5\u001b[0m\n              \u001b[0m ratings\u001b[0m\n            \u001b[36m</p>\u001b[39m\n          \u001b[36m</span>\u001b[39m\n          \u001b[36m<hr />\u001b[39m\n          \u001b[36m<span\u001b[39m\n            \u001b[33mclass\u001b[39m=\u001b[32m\"w-2/5 sm:w-1/5 flex flex-col gap-1 justify-center items-center wrap-break text-center\"\u001b[39m\n          \u001b[36m>\u001b[39m\n            \u001b[36m<span />\u001b[39m\n            \u001b[36m<p>\u001b[39m\n              \u001b[0m100\u001b[0m\n              \u001b[0m learners\u001b[0m\n            \u001b[36m</p>\u001b[39m\n          \u001b[36m</span>\u001b[39m\n        \u001b[36m</div>\u001b[39m\n        \u001b[36m<div\u001b[39m\n          \u001b[33mclass\u001b[39m=\u001b[32m\"w-full min-h-25 flex flex-col justify-start items-start border-2 py-2 px-4 mt-4  \"\u001b[39m\n        \u001b[36m>\u001b[39m\n          \u001b[36m<h3\u001b[39m\n            \u001b[33mclass\u001b[39m=\u001b[32m\"text-2xl font-semibold\"\u001b[39m\n          \u001b[36m>\u001b[39m\n            \u001b[0mWhat you'll learn\u001b[0m\n          \u001b[36m</h3>\u001b[39m\n          \u001b[36m<ul\u001b[39m\n            \u001b[33mclass\u001b[39m=\u001b[32m\"list-none list-inside dark:text-white text-black  pl-3 py-3 \"\u001b[39m\n          \u001b[36m>\u001b[39m\n            \u001b[36m<li>\u001b[39m\n              \u001b[36m<span\u001b[39m\n                \u001b[33mdata-testid\u001b[39m=\u001b[32m\"tick-icon\"\u001b[39m\n              \u001b[36m/>\u001b[39m\n              \u001b[0mJavaScript fundamentals\u001b[0m\n            \u001b[36m</li>\u001b[39m\n            \u001b[36m<li>\u001b[39m\n              \u001b[36m<span\u001b[39m\n                \u001b[33mdata-testid\u001b[39m=\u001b[32m\"tick-icon\"\u001b[39...\n    at Object.getElementError (C:\\Hussain\\Full Stack-MERN\\Brainnest Turborepo\\node_modules\\.pnpm\\@testing-library+dom@10.4.1\\node_modules\\@testing-library\\dom\\dist\\config.js:37:19)\n    at getElementError (C:\\Hussain\\Full Stack-MERN\\Brainnest Turborepo\\node_modules\\.pnpm\\@testing-library+dom@10.4.1\\node_modules\\@testing-library\\dom\\dist\\query-helpers.js:20:35)\n    at getMultipleElementsFoundError (C:\\Hussain\\Full Stack-MERN\\Brainnest Turborepo\\node_modules\\.pnpm\\@testing-library+dom@10.4.1\\node_modules\\@testing-library\\dom\\dist\\query-helpers.js:23:10)\n    at C:\\Hussain\\Full Stack-MERN\\Brainnest Turborepo\\node_modules\\.pnpm\\@testing-library+dom@10.4.1\\node_modules\\@testing-library\\dom\\dist\\query-helpers.js:55:13\n    at getByRole (C:\\Hussain\\Full Stack-MERN\\Brainnest Turborepo\\node_modules\\.pnpm\\@testing-library+dom@10.4.1\\node_modules\\@testing-library\\dom\\dist\\query-helpers.js:95:19)\n    at Object.<anonymous> (C:\\Hussain\\Full Stack-MERN\\Brainnest Turborepo\\apps\\web\\src\\app\\components\\CourseIDComp\\CourseIDCompTest.test.tsx:636:33)\n    at Promise.finally.completed (C:\\Hussain\\Full Stack-MERN\\Brainnest Turborepo\\node_modules\\.pnpm\\jest-circus@30.4.2_supports-color@8.1.1\\node_modules\\jest-circus\\build\\jestAdapterInit.js:1561:28)\n    at new Promise (<anonymous>)\n    at callAsyncCircusFn (C:\\Hussain\\Full Stack-MERN\\Brainnest Turborepo\\node_modules\\.pnpm\\jest-circus@30.4.2_supports-color@8.1.1\\node_modules\\jest-circus\\build\\jestAdapterInit.js:1501:10)\n    at _callCircusTest (C:\\Hussain\\Full Stack-MERN\\Brainnest Turborepo\\node_modules\\.pnpm\\jest-circus@30.4.2_supports-color@8.1.1\\node_modules\\jest-circus\\build\\jestAdapterInit.js:1011:40)\n    at async _runTest (C:\\Hussain\\Full Stack-MERN\\Brainnest Turborepo\\node_modules\\.pnpm\\jest-circus@30.4.2_supports-color@8.1.1\\node_modules\\jest-circus\\build\\jestAdapterInit.js:951:3)\n    at async C:\\Hussain\\Full Stack-MERN\\Brainnest Turborepo\\node_modules\\.pnpm\\jest-circus@30.4.2_supports-color@8.1.1\\node_modules\\jest-circus\\build\\jestAdapterInit.js:853:7\n    at async _runTestsForDescribeBlock (C:\\Hussain\\Full Stack-MERN\\Brainnest Turborepo\\node_modules\\.pnpm\\jest-circus@30.4.2_supports-color@8.1.1\\node_modules\\jest-circus\\build\\jestAdapterInit.js:866:11)\n    at async _runTestsForDescribeBlock (C:\\Hussain\\Full Stack-MERN\\Brainnest Turborepo\\node_modules\\.pnpm\\jest-circus@30.4.2_supports-color@8.1.1\\node_modules\\jest-circus\\build\\jestAdapterInit.js:861:11)\n    at async run (C:\\Hussain\\Full Stack-MERN\\Brainnest Turborepo\\node_modules\\.pnpm\\jest-circus@30.4.2_supports-color@8.1.1\\node_modules\\jest-circus\\build\\jestAdapterInit.js:765:3)\n    at async runAndTransformResultsToJestFormat (C:\\Hussain\\Full Stack-MERN\\Brainnest Turborepo\\node_modules\\.pnpm\\jest-circus@30.4.2_supports-color@8.1.1\\node_modules\\jest-circus\\build\\jestAdapterInit.js:1993:21)\n    at async jestAdapter (C:\\Hussain\\Full Stack-MERN\\Brainnest Turborepo\\node_modules\\.pnpm\\jest-circus@30.4.2_supports-color@8.1.1\\node_modules\\jest-circus\\build\\runner.js:111:19)\n    at async runTestInternal (C:\\Hussain\\Full Stack-MERN\\Brainnest Turborepo\\node_modules\\.pnpm\\jest-runner@30.4.2_supports-color@8.1.1\\node_modules\\jest-runner\\build\\index.js:276:16)\n    at async runTest (C:\\Hussain\\Full Stack-MERN\\Brainnest Turborepo\\node_modules\\.pnpm\\jest-runner@30.4.2_supports-color@8.1.1\\node_modules\\jest-runner\\build\\index.js:344:7)"],"fullName":"CourseIdPageComp - Description expands description when Show more is clicked","invocations":1,"location":null,"numPassingAsserts":0,"retryReasons":[],"startAt":1788134207095,"status":"failed","title":"expands description when Show more is clicked"},{"ancestorTitles":["CourseIdPageComp - Description"],"duration":1384,"failing":false,"failureDetails":[{"name":"TestingLibraryElementError"}],"failureMessages":["TestingLibraryElementError: Unable to find an accessible element with the role \"button\" and name \"collapse-section\"\n\nHere are the accessible roles:\n\n  presentation:\n\n  Name \"\":\n  \u001b[36m<img\u001b[39m\n    \u001b[33malt\u001b[39m=\u001b[32m\"\"\u001b[39m\n    \u001b[33mclass\u001b[39m=\u001b[32m\"rounded-lg\"\u001b[39m\n    \u001b[33msrc\u001b[39m=\u001b[32m\"/course.jpg\"\u001b[39m\n  \u001b[36m/>\u001b[39m\n\n  --------------------------------------------------\n  button:\n\n  Name \"like-course\":\n  \u001b[36m<button\u001b[39m\n    \u001b[33maria-label\u001b[39m=\u001b[32m\"like-course\"\u001b[39m\n  \u001b[36m/>\u001b[39m\n\n  Name \"add-to-cart\":\n  \u001b[36m<button\u001b[39m\n    \u001b[33maria-label\u001b[39m=\u001b[32m\"add-to-cart\"\u001b[39m\n  \u001b[36m/>\u001b[39m\n\n  Name \"Buy Now\":\n  \u001b[36m<button\u001b[39m\n    \u001b[33mclass\u001b[39m=\u001b[32m\"group-hover:scale-110 ease-in-out duration-400 transition-transform active:scale-90\"\u001b[39m\n    \u001b[33mvariant\u001b[39m=\u001b[32m\"default\"\u001b[39m\n  \u001b[36m/>\u001b[39m\n\n  Name \"expand-section\":\n  \u001b[36m<button\u001b[39m\n    \u001b[33maria-label\u001b[39m=\u001b[32m\"expand-section\"\u001b[39m\n    \u001b[33mclass\u001b[39m=\u001b[32m\"w-1/2 flex justify-start items-center gap-4\"\u001b[39m\n  \u001b[36m/>\u001b[39m\n\n  Name \"expand-section\":\n  \u001b[36m<button\u001b[39m\n    \u001b[33maria-label\u001b[39m=\u001b[32m\"expand-section\"\u001b[39m\n    \u001b[33mclass\u001b[39m=\u001b[32m\"text-blue-500 hover:underline w-fit px-4 py-2 border flex gap-2 items-center\"\u001b[39m\n  \u001b[36m/>\u001b[39m\n\n  Name \"previous\":\n  \u001b[36m<button\u001b[39m\n    \u001b[33maria-label\u001b[39m=\u001b[32m\"previous\"\u001b[39m\n  \u001b[36m/>\u001b[39m\n\n  Name \"next\":\n  \u001b[36m<button\u001b[39m\n    \u001b[33maria-label\u001b[39m=\u001b[32m\"next\"\u001b[39m\n  \u001b[36m/>\u001b[39m\n\n  Name \"previous\":\n  \u001b[36m<button\u001b[39m\n    \u001b[33maria-label\u001b[39m=\u001b[32m\"previous\"\u001b[39m\n  \u001b[36m/>\u001b[39m\n\n  Name \"next\":\n  \u001b[36m<button\u001b[39m\n    \u001b[33maria-label\u001b[39m=\u001b[32m\"next\"\u001b[39m\n  \u001b[36m/>\u001b[39m\n\n  --------------------------------------------------\n  paragraph:\n\n  Name \"\":\n  \u001b[36m<p\u001b[39m\n    \u001b[33mclass\u001b[39m=\u001b[32m\"dark:text-white text-black text-2xl sm:text-3xl lg:text-4xl capitalize whitespace-normal wrap-break-word line-clamp-3 leading-tight cursor-pointer\"\u001b[39m\n  \u001b[36m/>\u001b[39m\n\n  Name \"\":\n  \u001b[36m<p\u001b[39m\n    \u001b[33mclass\u001b[39m=\u001b[32m\"dark:text-white text-black text-2xl capitalize whitespace-normal wrap-break-word line-clamp-2\"\u001b[39m\n  \u001b[36m/>\u001b[39m\n\n  Name \"\":\n  \u001b[36m<p />\u001b[39m\n\n  Name \"\":\n  \u001b[36m<p\u001b[39m\n    \u001b[33mclass\u001b[39m=\u001b[32m\"lg:text-[13px] text-[10px] text-center leading-tight whitespace-pre-line font-semibold\"\u001b[39m\n  \u001b[36m/>\u001b[39m\n\n  Name \"\":\n  \u001b[36m<p />\u001b[39m\n\n  Name \"\":\n  \u001b[36m<p />\u001b[39m\n\n  Name \"\":\n  \u001b[36m<p\u001b[39m\n    \u001b[33mclass\u001b[39m=\u001b[32m\"whitespace-pre\"\u001b[39m\n  \u001b[36m/>\u001b[39m\n\n  Name \"\":\n  \u001b[36m<p />\u001b[39m\n\n  Name \"\":\n  \u001b[36m<p />\u001b[39m\n\n  Name \"\":\n  \u001b[36m<p\u001b[39m\n    \u001b[33mclass\u001b[39m=\u001b[32m\"text-2xl\"\u001b[39m\n  \u001b[36m/>\u001b[39m\n\n  Name \"\":\n  \u001b[36m<p\u001b[39m\n    \u001b[33mclass\u001b[39m=\u001b[32m\"text-2xl\"\u001b[39m\n  \u001b[36m/>\u001b[39m\n\n  Name \"\":\n  \u001b[36m<p />\u001b[39m\n\n  Name \"\":\n  \u001b[36m<p />\u001b[39m\n\n  Name \"\":\n  \u001b[36m<p\u001b[39m\n    \u001b[33mclass\u001b[39m=\u001b[32m\"text-gray-600\"\u001b[39m\n  \u001b[36m/>\u001b[39m\n\n  Name \"\":\n  \u001b[36m<p\u001b[39m\n    \u001b[33mclass\u001b[39m=\u001b[32m\"text-sm\"\u001b[39m\n  \u001b[36m/>\u001b[39m\n\n  Name \"\":\n  \u001b[36m<p\u001b[39m\n    \u001b[33mclass\u001b[39m=\u001b[32m\"capitalize text-sm font-semibold wrap-break-word leading-snug\"\u001b[39m\n  \u001b[36m/>\u001b[39m\n\n  Name \"\":\n  \u001b[36m<p\u001b[39m\n    \u001b[33mclass\u001b[39m=\u001b[32m\"text-sm text-muted-foreground\"\u001b[39m\n  \u001b[36m/>\u001b[39m\n\n  Name \"\":\n  \u001b[36m<p\u001b[39m\n    \u001b[33mclass\u001b[39m=\u001b[32m\"text-lg font-semibold w-2/5 flex items-center\"\u001b[39m\n  \u001b[36m/>\u001b[39m\n\n  Name \"\":\n  \u001b[36m<p\u001b[39m\n    \u001b[33mclass\u001b[39m=\u001b[32m\"flex gap-2 items-center justify-end w-1/6 \"\u001b[39m\n  \u001b[36m/>\u001b[39m\n\n  Name \"\":\n  \u001b[36m<p\u001b[39m\n    \u001b[33mclass\u001b[39m=\u001b[32m\"flex gap-2 items-center justify-end w-1/6 text-xl\"\u001b[39m\n  \u001b[36m/>\u001b[39m\n\n  Name \"\":\n  \u001b[36m<p\u001b[39m\n    \u001b[33mclass\u001b[39m=\u001b[32m\"flex gap-2 items-center justify-end w-1/6 text-xl\"\u001b[39m\n  \u001b[36m/>\u001b[39m\n\n  Name \"\":\n  \u001b[36m<p\u001b[39m\n    \u001b[33mclass\u001b[39m=\u001b[32m\"text-gray-600\"\u001b[39m\n  \u001b[36m/>\u001b[39m\n\n  Name \"\":\n  \u001b[36m<p\u001b[39m\n    \u001b[33mclass\u001b[39m=\u001b[32m\"text-sm wrap-break-word line-clamp-5\"\u001b[39m\n  \u001b[36m/>\u001b[39m\n\n  Name \"\":\n  \u001b[36m<p\u001b[39m\n    \u001b[33mclass\u001b[39m=\u001b[32m\"capitalize text-sm font-semibold wrap-word-break leading-snug\"\u001b[39m\n  \u001b[36m/>\u001b[39m\n\n  Name \"\":\n  \u001b[36m<p\u001b[39m\n    \u001b[33mclass\u001b[39m=\u001b[32m\"text-sm text-muted-foreground\"\u001b[39m\n  \u001b[36m/>\u001b[39m\n\n  --------------------------------------------------\n  separator:\n\n  Name \"\":\n  \u001b[36m<hr />\u001b[39m\n\n  Name \"\":\n  \u001b[36m<hr />\u001b[39m\n\n  --------------------------------------------------\n  heading:\n\n  Name \"What you'll learn\":\n  \u001b[36m<h3\u001b[39m\n    \u001b[33mclass\u001b[39m=\u001b[32m\"text-2xl font-semibold\"\u001b[39m\n  \u001b[36m/>\u001b[39m\n\n  Name \"Explore Releated Topics\":\n  \u001b[36m<h3\u001b[39m\n    \u001b[33mclass\u001b[39m=\u001b[32m\"text-2xl font-semibold \"\u001b[39m\n  \u001b[36m/>\u001b[39m\n\n  Name \"This course includes :\":\n  \u001b[36m<h3\u001b[39m\n    \u001b[33mclass\u001b[39m=\u001b[32m\"text-2xl font-semibold \"\u001b[39m\n  \u001b[36m/>\u001b[39m\n\n  Name \"Course content\":\n  \u001b[36m<h3\u001b[39m\n    \u001b[33mclass\u001b[39m=\u001b[32m\"text-2xl font-semibold \"\u001b[39m\n  \u001b[36m/>\u001b[39m\n\n  Name \"Requirements\":\n  \u001b[36m<h3\u001b[39m\n    \u001b[33mclass\u001b[39m=\u001b[32m\"text-2xl font-semibold px-2\"\u001b[39m\n  \u001b[36m/>\u001b[39m\n\n  Name \"Description\":\n  \u001b[36m<h3\u001b[39m\n    \u001b[33mclass\u001b[39m=\u001b[32m\"text-2xl font-semibold px-2\"\u001b[39m\n  \u001b[36m/>\u001b[39m\n\n  Name \"Instructor\":\n  \u001b[36m<h3\u001b[39m\n    \u001b[33mclass\u001b[39m=\u001b[32m\"text-2xl font-semibold px-2\"\u001b[39m\n  \u001b[36m/>\u001b[39m\n\n  Name \"See what others are achieving through learning\":\n  \u001b[36m<h2\u001b[39m\n    \u001b[33mclass\u001b[39m=\u001b[32m\"text-3xl font-bold \"\u001b[39m\n  \u001b[36m/>\u001b[39m\n\n  --------------------------------------------------\n  list:\n\n  Name \"\":\n  \u001b[36m<ul\u001b[39m\n    \u001b[33mclass\u001b[39m=\u001b[32m\"list-none list-inside dark:text-white text-black  pl-3 py-3 \"\u001b[39m\n  \u001b[36m/>\u001b[39m\n\n  Name \"\":\n  \u001b[36m<ul />\u001b[39m\n\n  --------------------------------------------------\n  listitem:\n\n  Name \"\":\n  \u001b[36m<li />\u001b[39m\n\n  Name \"\":\n  \u001b[36m<li />\u001b[39m\n\n  Name \"\":\n  \u001b[36m<li />\u001b[39m\n\n  Name \"\":\n  \u001b[36m<li\u001b[39m\n    \u001b[33mclass\u001b[39m=\u001b[32m\"flex gap-2 justify-start items-center\"\u001b[39m\n  \u001b[36m/>\u001b[39m\n\n  Name \"\":\n  \u001b[36m<li\u001b[39m\n    \u001b[33mclass\u001b[39m=\u001b[32m\"flex gap-2 justify-start items-center\"\u001b[39m\n  \u001b[36m/>\u001b[39m\n\n  --------------------------------------------------\n  link:\n\n  Name \"JavaScript\":\n  \u001b[36m<a\u001b[39m\n    \u001b[33mhref\u001b[39m=\u001b[32m\"/courses/javascript\"\u001b[39m\n  \u001b[36m/>\u001b[39m\n\n  Name \"Excellent course! John John 2026-08-01\":\n  \u001b[36m<a\u001b[39m\n    \u001b[33mhref\u001b[39m=\u001b[32m\"/\"\u001b[39m\n  \u001b[36m/>\u001b[39m\n\n  Name \"Excellent course! John 2 days ago\":\n  \u001b[36m<a\u001b[39m\n    \u001b[33mhref\u001b[39m=\u001b[32m\"/\"\u001b[39m\n  \u001b[36m/>\u001b[39m\n\n  --------------------------------------------------\n  img:\n\n  Name \"John\":\n  \u001b[36m<img\u001b[39m\n    \u001b[33malt\u001b[39m=\u001b[32m\"John\"\u001b[39m\n    \u001b[33mclass\u001b[39m=\u001b[32m\"object-cover rounded-full\"\u001b[39m\n    \u001b[33msrc\u001b[39m=\u001b[32m\"https://img-c.udemycdn.com/user/100x100/12345678.jpg\"\u001b[39m\n  \u001b[36m/>\u001b[39m\n\n  --------------------------------------------------\n\nIgnored nodes: comments, script, style\n\u001b[36m<body>\u001b[39m\n  \u001b[36m<div>\u001b[39m\n    \u001b[36m<div\u001b[39m\n      \u001b[33mclass\u001b[39m=\u001b[32m\"relative w-full min-h-screen flex flex-col gap-6 py-18 pt-0\"\u001b[39m\n    \u001b[36m>\u001b[39m\n      \u001b[36m<div\u001b[39m\n        \u001b[33mclass\u001b[39m=\u001b[32m\"absolute top-0 left-0 w-full h-1/2 dark:bg-black bg-white z-[-1]\"\u001b[39m\n      \u001b[36m/>\u001b[39m\n      \u001b[36m<div\u001b[39m\n        \u001b[33mclass\u001b[39m=\u001b[32m\"w-[90%] md:w-[70%] lg:w-[60%] bg-transparent mx-auto flex flex-col justify-start items-center relative\"\u001b[39m\n      \u001b[36m>\u001b[39m\n        \u001b[36m<div\u001b[39m\n          \u001b[33mclass\u001b[39m=\u001b[32m\"relative w-full h-75 overflow-hidden\"\u001b[39m\n        \u001b[36m>\u001b[39m\n          \u001b[36m<img\u001b[39m\n            \u001b[33malt\u001b[39m=\u001b[32m\"\"\u001b[39m\n            \u001b[33mclass\u001b[39m=\u001b[32m\"rounded-lg\"\u001b[39m\n            \u001b[33msrc\u001b[39m=\u001b[32m\"/course.jpg\"\u001b[39m\n          \u001b[36m/>\u001b[39m\n        \u001b[36m</div>\u001b[39m\n      \u001b[36m</div>\u001b[39m\n      \u001b[36m<div\u001b[39m\n        \u001b[33mclass\u001b[39m=\u001b[32m\"relative w-[90%] md:w-[90%] lg:w-[60%] bg-transparent mx-auto flex flex-col justify-start items-center h-full gap-6 min-h-screen pt-2\"\u001b[39m\n      \u001b[36m>\u001b[39m\n        \u001b[36m<div\u001b[39m\n          \u001b[33mclass\u001b[39m=\u001b[32m\"absolute right-0 top-2 w-10 h-10 rounded-full flex items-center justify-center border border-gray-300 group cursor-pointer\"\u001b[39m\n        \u001b[36m>\u001b[39m\n          \u001b[36m<button\u001b[39m\n            \u001b[33maria-label\u001b[39m=\u001b[32m\"like-course\"\u001b[39m\n          \u001b[36m>\u001b[39m\n            \u001b[0mLike\u001b[0m\n          \u001b[36m</button>\u001b[39m\n        \u001b[36m</div>\u001b[39m\n        \u001b[36m<div\u001b[39m\n          \u001b[33mclass\u001b[39m=\u001b[32m\"absolute right-12 top-2 w-10 h-10 rounded-full flex items-center justify-center border border-gray-300 group cursor-pointer\"\u001b[39m\n        \u001b[36m>\u001b[39m\n          \u001b[36m<button\u001b[39m\n            \u001b[33maria-label\u001b[39m=\u001b[32m\"add-to-cart\"\u001b[39m\n          \u001b[36m>\u001b[39m\n            \u001b[0mAdd Cart\u001b[0m\n          \u001b[36m</button>\u001b[39m\n        \u001b[36m</div>\u001b[39m\n        \u001b[36m<div\u001b[39m\n          \u001b[33mclass\u001b[39m=\u001b[32m\"absolute right-33 top-2 w-10 h-10  flex items-center justify-center  border-gray-300 group cursor-pointer\"\u001b[39m\n        \u001b[36m>\u001b[39m\n          \u001b[36m<button\u001b[39m\n            \u001b[33mclass\u001b[39m=\u001b[32m\"group-hover:scale-110 ease-in-out duration-400 transition-transform active:scale-90\"\u001b[39m\n            \u001b[33mvariant\u001b[39m=\u001b[32m\"default\"\u001b[39m\n          \u001b[36m>\u001b[39m\n            \u001b[0mBuy Now\u001b[0m\n          \u001b[36m</button>\u001b[39m\n        \u001b[36m</div>\u001b[39m\n        \u001b[36m<div\u001b[39m\n          \u001b[33mclass\u001b[39m=\u001b[32m\"absolute right-30 top-2 w-10 h-10  flex items-center justify-center  border-gray-300\"\u001b[39m\n        \u001b[36m/>\u001b[39m\n        \u001b[36m<div\u001b[39m\n          \u001b[33mclass\u001b[39m=\u001b[32m\"w-full flex flex-col items-start justify-center gap-3 pt-12 md:pt-0\"\u001b[39m\n        \u001b[36m>\u001b[39m\n          \u001b[36m<p\u001b[39m\n            \u001b[33mclass\u001b[39m=\u001b[32m\"dark:text-white text-black text-2xl sm:text-3xl lg:text-4xl capitalize whitespace-normal wrap-break-word line-clamp-3 leading-tight cursor-pointer\"\u001b[39m\n          \u001b[36m>\u001b[39m\n            \u001b[0mModern JavaScript from Scratch\u001b[0m\n          \u001b[36m</p>\u001b[39m\n          \u001b[36m<span>\u001b[39m\n            \u001b[0mBestseller\u001b[0m\n          \u001b[36m</span>\u001b[39m\n          \u001b[36m<p\u001b[39m\n            \u001b[33mclass\u001b[39m=\u001b[32m\"dark:text-white text-black text-2xl capitalize whitespace-normal wrap-break-word line-clamp-2\"\u001b[39m\n          \u001b[36m>\u001b[39m\n            \u001b[0m₹ \u001b[0m\n            \u001b[0m999\u001b[0m\n          \u001b[36m</p>\u001b[39m\n        \u001b[36m</div>\u001b[39m\n        \u001b[36m<div\u001b[39m\n          \u001b[33mclass\u001b[39m=\u001b[32m\"flex gap-2 w-full   justify-start items-center\"\u001b[39m\n        \u001b[36m>\u001b[39m\n          \u001b[36m<span\u001b[39m\n            \u001b[33mclass\u001b[39m=\u001b[32m\"flex gap-2  items-center\"\u001b[39m\n          \u001b[36m>\u001b[39m\n            \u001b[36m<span />\u001b[39m\n            \u001b[36m<span\u001b[39m\n              \u001b[33mclass\u001b[39m=\u001b[32m\"text-sm\"\u001b[39m\n            \u001b[36m>\u001b[39m\n              \u001b[0mNo date available\u001b[0m\n            \u001b[36m</span>\u001b[39m\n          \u001b[36m</span>\u001b[39m\n          \u001b[36m<span\u001b[39m\n            \u001b[33mclass\u001b[39m=\u001b[32m\"flex gap-2  items-center\"\u001b[39m\n            \u001b[33mdata-testid\u001b[39m=\u001b[32m\"course-language\"\u001b[39m\n          \u001b[36m>\u001b[39m\n            \u001b[36m<span />\u001b[39m\n            \u001b[36m<p>\u001b[39m\n              \u001b[0mEnglish\u001b[0m\n            \u001b[36m</p>\u001b[39m\n          \u001b[36m</span>\u001b[39m\n          \u001b[36m<span\u001b[39m\n            \u001b[33mclass\u001b[39m=\u001b[32m\"flex gap-2 items-center\"\u001b[39m\n          \u001b[36m>\u001b[39m\n            \u001b[36m<span />\u001b[39m\n            \u001b[0mEnglish\u001b[0m\n          \u001b[36m</span>\u001b[39m\n        \u001b[36m</div>\u001b[39m\n        \u001b[36m<div\u001b[39m\n          \u001b[33mclass\u001b[39m=\u001b[32m\"w-full h-30 flex flex-row justify-start items-center border-2 border-gray-300 rounded-lg mt-4\"\u001b[39m\n        \u001b[36m>\u001b[39m\n          \u001b[36m<span\u001b[39m\n            \u001b[33mclass\u001b[39m=\u001b[32m\"w-1/5 h-full flex justify-center items-center\"\u001b[39m\n          \u001b[36m>\u001b[39m\n            \u001b[36m<span />\u001b[39m\n          \u001b[36m</span>\u001b[39m\n          \u001b[36m<span\u001b[39m\n            \u001b[33mclass\u001b[39m=\u001b[32m\"w-2/5 h-full flex justify-start  items-center md:pl-4\"\u001b[39m\n          \u001b[36m>\u001b[39m\n            \u001b[36m<p\u001b[39m\n              \u001b[33mclass\u001b[39m=\u001b[32m\"lg:text-[13px] text-[10px] text-center leading-tight whitespace-pre-line font-semibold\"\u001b[39m\n            \u001b[36m>\u001b[39m\n              \u001b[0mAccess this top-rated course,plus \u001b[0m\n              \u001b[36m<br />\u001b[39m\n              \u001b[0m 1,300+ more top rated courses \u001b[0m\n              \u001b[36m<br />\u001b[39m\n              \u001b[0mwith a brainnest\u001b[0m\n            \u001b[36m</p>\u001b[39m\n          \u001b[36m</span>\u001b[39m\n          \u001b[36m<hr />\u001b[39m\n          \u001b[36m<span\u001b[39m\n            \u001b[33mclass\u001b[39m=\u001b[32m\"w-1/5 hidden  sm:flex flex-col gap-1 justify-center items-center wrap-break text-center\"\u001b[39m\n          \u001b[36m>\u001b[39m\n            \u001b[36m<div\u001b[39m\n              \u001b[33mdata-testid\u001b[39m=\u001b[32m\"star-rating\"\u001b[39m\n            \u001b[36m>\u001b[39m\n              \u001b[0m4.5\u001b[0m\n            \u001b[36m</div>\u001b[39m\n            \u001b[36m<p>\u001b[39m\n              \u001b[0m4.5\u001b[0m\n              \u001b[0m ratings\u001b[0m\n            \u001b[36m</p>\u001b[39m\n          \u001b[36m</span>\u001b[39m\n          \u001b[36m<hr />\u001b[39m\n          \u001b[36m<span\u001b[39m\n            \u001b[33mclass\u001b[39m=\u001b[32m\"w-2/5 sm:w-1/5 flex flex-col gap-1 justify-center items-center wrap-break text-center\"\u001b[39m\n          \u001b[36m>\u001b[39m\n            \u001b[36m<span />\u001b[39m\n            \u001b[36m<p>\u001b[39m\n              \u001b[0m100\u001b[0m\n              \u001b[0m learners\u001b[0m\n            \u001b[36m</p>\u001b[39m\n          \u001b[36m</span>\u001b[39m\n        \u001b[36m</div>\u001b[39m\n        \u001b[36m<div\u001b[39m\n          \u001b[33mclass\u001b[39m=\u001b[32m\"w-full min-h-25 flex flex-col justify-start items-start border-2 py-2 px-4 mt-4  \"\u001b[39m\n        \u001b[36m>\u001b[39m\n          \u001b[36m<h3\u001b[39m\n            \u001b[33mclass\u001b[39m=\u001b[32m\"text-2xl font-semibold\"\u001b[39m\n          \u001b[36m>\u001b[39m\n            \u001b[0mWhat you'll learn\u001b[0m\n          \u001b[36m</h3>\u001b[39m\n          \u001b[36m<ul\u001b[39m\n            \u001b[33mclass\u001b[39m=\u001b[32m\"list-none list-inside dark:text-white text-black  pl-3 py-3 \"\u001b[39m\n          \u001b[36m>\u001b[39m\n            \u001b[36m<li>\u001b[39m\n              \u001b[36m<span\u001b[39m\n                \u001b[33mdata-testid\u001b[39m=\u001b[32m\"tick-icon\"\u001b[39m\n              \u001b[36m/>\u001b[39m\n              \u001b[0mJavaScript fundamentals\u001b[0m\n            \u001b[36m</li>\u001b[39m\n            \u001b[36m<li>\u001b[39m\n              \u001b[36m<span\u001b[39m\n                \u001b[33mdata-testid\u001b[39m=\u001b[32m\"tick-icon\"\u001b[39...\n    at Object.getElementError (C:\\Hussain\\Full Stack-MERN\\Brainnest Turborepo\\node_modules\\.pnpm\\@testing-library+dom@10.4.1\\node_modules\\@testing-library\\dom\\dist\\config.js:37:19)\n    at C:\\Hussain\\Full Stack-MERN\\Brainnest Turborepo\\node_modules\\.pnpm\\@testing-library+dom@10.4.1\\node_modules\\@testing-library\\dom\\dist\\query-helpers.js:76:38\n    at C:\\Hussain\\Full Stack-MERN\\Brainnest Turborepo\\node_modules\\.pnpm\\@testing-library+dom@10.4.1\\node_modules\\@testing-library\\dom\\dist\\query-helpers.js:52:17\n    at getByRole (C:\\Hussain\\Full Stack-MERN\\Brainnest Turborepo\\node_modules\\.pnpm\\@testing-library+dom@10.4.1\\node_modules\\@testing-library\\dom\\dist\\query-helpers.js:95:19)\n    at Object.<anonymous> (C:\\Hussain\\Full Stack-MERN\\Brainnest Turborepo\\apps\\web\\src\\app\\components\\CourseIDComp\\CourseIDCompTest.test.tsx:654:35)\n    at Promise.finally.completed (C:\\Hussain\\Full Stack-MERN\\Brainnest Turborepo\\node_modules\\.pnpm\\jest-circus@30.4.2_supports-color@8.1.1\\node_modules\\jest-circus\\build\\jestAdapterInit.js:1561:28)\n    at new Promise (<anonymous>)\n    at callAsyncCircusFn (C:\\Hussain\\Full Stack-MERN\\Brainnest Turborepo\\node_modules\\.pnpm\\jest-circus@30.4.2_supports-color@8.1.1\\node_modules\\jest-circus\\build\\jestAdapterInit.js:1501:10)\n    at _callCircusTest (C:\\Hussain\\Full Stack-MERN\\Brainnest Turborepo\\node_modules\\.pnpm\\jest-circus@30.4.2_supports-color@8.1.1\\node_modules\\jest-circus\\build\\jestAdapterInit.js:1011:40)\n    at async _runTest (C:\\Hussain\\Full Stack-MERN\\Brainnest Turborepo\\node_modules\\.pnpm\\jest-circus@30.4.2_supports-color@8.1.1\\node_modules\\jest-circus\\build\\jestAdapterInit.js:951:3)\n    at async C:\\Hussain\\Full Stack-MERN\\Brainnest Turborepo\\node_modules\\.pnpm\\jest-circus@30.4.2_supports-color@8.1.1\\node_modules\\jest-circus\\build\\jestAdapterInit.js:853:7\n    at async _runTestsForDescribeBlock (C:\\Hussain\\Full Stack-MERN\\Brainnest Turborepo\\node_modules\\.pnpm\\jest-circus@30.4.2_supports-color@8.1.1\\node_modules\\jest-circus\\build\\jestAdapterInit.js:866:11)\n    at async _runTestsForDescribeBlock (C:\\Hussain\\Full Stack-MERN\\Brainnest Turborepo\\node_modules\\.pnpm\\jest-circus@30.4.2_supports-color@8.1.1\\node_modules\\jest-circus\\build\\jestAdapterInit.js:861:11)\n    at async run (C:\\Hussain\\Full Stack-MERN\\Brainnest Turborepo\\node_modules\\.pnpm\\jest-circus@30.4.2_supports-color@8.1.1\\node_modules\\jest-circus\\build\\jestAdapterInit.js:765:3)\n    at async runAndTransformResultsToJestFormat (C:\\Hussain\\Full Stack-MERN\\Brainnest Turborepo\\node_modules\\.pnpm\\jest-circus@30.4.2_supports-color@8.1.1\\node_modules\\jest-circus\\build\\jestAdapterInit.js:1993:21)\n    at async jestAdapter (C:\\Hussain\\Full Stack-MERN\\Brainnest Turborepo\\node_modules\\.pnpm\\jest-circus@30.4.2_supports-color@8.1.1\\node_modules\\jest-circus\\build\\runner.js:111:19)\n    at async runTestInternal (C:\\Hussain\\Full Stack-MERN\\Brainnest Turborepo\\node_modules\\.pnpm\\jest-runner@30.4.2_supports-color@8.1.1\\node_modules\\jest-runner\\build\\index.js:276:16)\n    at async runTest (C:\\Hussain\\Full Stack-MERN\\Brainnest Turborepo\\node_modules\\.pnpm\\jest-runner@30.4.2_supports-color@8.1.1\\node_modules\\jest-runner\\build\\index.js:344:7)"],"fullName":"CourseIdPageComp - Description collapses description when Show less is clicked","invocations":1,"location":null,"numPassingAsserts":0,"retryReasons":[],"startAt":1788134207337,"status":"failed","title":"collapses description when Show less is clicked"},{"ancestorTitles":["CourseIdPageComp - Authentication"],"duration":1643,"failing":false,"failureDetails":[{"matcherResult":{"message":"\u001b[2mexpect(\u001b[22m\u001b[31mjest.fn()\u001b[39m\u001b[2m).\u001b[22mtoHaveBeenCalledWith\u001b[2m(\u001b[22m\u001b[32m...expected\u001b[39m\u001b[2m)\u001b[22m\n\nExpected: \u001b[32m\"/login\"\u001b[39m\n\nNumber of calls: \u001b[31m0\u001b[39m","pass":false}}],"failureMessages":["Error: \u001b[2mexpect(\u001b[22m\u001b[31mjest.fn()\u001b[39m\u001b[2m).\u001b[22mtoHaveBeenCalledWith\u001b[2m(\u001b[22m\u001b[32m...expected\u001b[39m\u001b[2m)\u001b[22m\n\nExpected: \u001b[32m\"/login\"\u001b[39m\n\nNumber of calls: \u001b[31m0\u001b[39m\n\nIgnored nodes: comments, script, style\n\u001b[36m<html>\u001b[39m\n  \u001b[36m<head />\u001b[39m\n  \u001b[36m<body>\u001b[39m\n    \u001b[36m<div>\u001b[39m\n      \u001b[36m<div\u001b[39m\n        \u001b[33mclass\u001b[39m=\u001b[32m\"relative w-full min-h-screen flex flex-col gap-6 py-18 pt-0\"\u001b[39m\n      \u001b[36m>\u001b[39m\n        \u001b[36m<div\u001b[39m\n          \u001b[33mclass\u001b[39m=\u001b[32m\"absolute top-0 left-0 w-full h-1/2 dark:bg-black bg-white z-[-1]\"\u001b[39m\n        \u001b[36m/>\u001b[39m\n        \u001b[36m<div\u001b[39m\n          \u001b[33mclass\u001b[39m=\u001b[32m\"w-[90%] md:w-[70%] lg:w-[60%] bg-transparent mx-auto flex flex-col justify-start items-center relative\"\u001b[39m\n        \u001b[36m>\u001b[39m\n          \u001b[36m<div\u001b[39m\n            \u001b[33mclass\u001b[39m=\u001b[32m\"relative w-full h-75 overflow-hidden\"\u001b[39m\n          \u001b[36m>\u001b[39m\n            \u001b[36m<img\u001b[39m\n              \u001b[33malt\u001b[39m=\u001b[32m\"\"\u001b[39m\n              \u001b[33mclass\u001b[39m=\u001b[32m\"rounded-lg\"\u001b[39m\n              \u001b[33msrc\u001b[39m=\u001b[32m\"/course.jpg\"\u001b[39m\n            \u001b[36m/>\u001b[39m\n          \u001b[36m</div>\u001b[39m\n        \u001b[36m</div>\u001b[39m\n        \u001b[36m<div\u001b[39m\n          \u001b[33mclass\u001b[39m=\u001b[32m\"relative w-[90%] md:w-[90%] lg:w-[60%] bg-transparent mx-auto flex flex-col justify-start items-center h-full gap-6 min-h-screen pt-2\"\u001b[39m\n        \u001b[36m>\u001b[39m\n          \u001b[36m<div\u001b[39m\n            \u001b[33mclass\u001b[39m=\u001b[32m\"absolute right-0 top-2 w-10 h-10 rounded-full flex items-center justify-center border border-gray-300 group cursor-pointer\"\u001b[39m\n          \u001b[36m>\u001b[39m\n            \u001b[36m<button\u001b[39m\n              \u001b[33maria-label\u001b[39m=\u001b[32m\"like-course\"\u001b[39m\n            \u001b[36m>\u001b[39m\n              \u001b[0mLike\u001b[0m\n            \u001b[36m</button>\u001b[39m\n          \u001b[36m</div>\u001b[39m\n          \u001b[36m<div\u001b[39m\n            \u001b[33mclass\u001b[39m=\u001b[32m\"absolute right-12 top-2 w-10 h-10 rounded-full flex items-center justify-center border border-gray-300 group cursor-pointer\"\u001b[39m\n          \u001b[36m>\u001b[39m\n            \u001b[36m<button\u001b[39m\n              \u001b[33maria-label\u001b[39m=\u001b[32m\"add-to-cart\"\u001b[39m\n            \u001b[36m>\u001b[39m\n              \u001b[0mAdd Cart\u001b[0m\n            \u001b[36m</button>\u001b[39m\n          \u001b[36m</div>\u001b[39m\n          \u001b[36m<div\u001b[39m\n            \u001b[33mclass\u001b[39m=\u001b[32m\"absolute right-33 top-2 w-10 h-10  flex items-center justify-center  border-gray-300 group cursor-pointer\"\u001b[39m\n          \u001b[36m>\u001b[39m\n            \u001b[36m<button\u001b[39m\n              \u001b[33mclass\u001b[39m=\u001b[32m\"group-hover:scale-110 ease-in-out duration-400 transition-transform active:scale-90\"\u001b[39m\n              \u001b[33mvariant\u001b[39m=\u001b[32m\"default\"\u001b[39m\n            \u001b[36m>\u001b[39m\n              \u001b[0mBuy Now\u001b[0m\n            \u001b[36m</button>\u001b[39m\n          \u001b[36m</div>\u001b[39m\n          \u001b[36m<div\u001b[39m\n            \u001b[33mclass\u001b[39m=\u001b[32m\"absolute right-30 top-2 w-10 h-10  flex items-center justify-center  border-gray-300\"\u001b[39m\n          \u001b[36m/>\u001b[39m\n          \u001b[36m<div\u001b[39m\n            \u001b[33mclass\u001b[39m=\u001b[32m\"w-full flex flex-col items-start justify-center gap-3 pt-12 md:pt-0\"\u001b[39m\n          \u001b[36m>\u001b[39m\n            \u001b[36m<p\u001b[39m\n              \u001b[33mclass\u001b[39m=\u001b[32m\"dark:text-white text-black text-2xl sm:text-3xl lg:text-4xl capitalize whitespace-normal wrap-break-word line-clamp-3 leading-tight cursor-pointer\"\u001b[39m\n            \u001b[36m>\u001b[39m\n              \u001b[0mModern JavaScript from Scratch\u001b[0m\n            \u001b[36m</p>\u001b[39m\n            \u001b[36m<span>\u001b[39m\n              \u001b[0mBestseller\u001b[0m\n            \u001b[36m</span>\u001b[39m\n            \u001b[36m<p\u001b[39m\n              \u001b[33mclass\u001b[39m=\u001b[32m\"dark:text-white text-black text-2xl capitalize whitespace-normal wrap-break-word line-clamp-2\"\u001b[39m\n            \u001b[36m>\u001b[39m\n              \u001b[0m₹ \u001b[0m\n              \u001b[0m999\u001b[0m\n            \u001b[36m</p>\u001b[39m\n          \u001b[36m</div>\u001b[39m\n          \u001b[36m<div\u001b[39m\n            \u001b[33mclass\u001b[39m=\u001b[32m\"flex gap-2 w-full   justify-start items-center\"\u001b[39m\n          \u001b[36m>\u001b[39m\n            \u001b[36m<span\u001b[39m\n              \u001b[33mclass\u001b[39m=\u001b[32m\"flex gap-2  items-center\"\u001b[39m\n            \u001b[36m>\u001b[39m\n              \u001b[36m<span />\u001b[39m\n              \u001b[36m<span\u001b[39m\n                \u001b[33mclass\u001b[39m=\u001b[32m\"text-sm\"\u001b[39m\n              \u001b[36m>\u001b[39m\n                \u001b[0mNo date available\u001b[0m\n              \u001b[36m</span>\u001b[39m\n            \u001b[36m</span>\u001b[39m\n            \u001b[36m<span\u001b[39m\n              \u001b[33mclass\u001b[39m=\u001b[32m\"flex gap-2  items-center\"\u001b[39m\n              \u001b[33mdata-testid\u001b[39m=\u001b[32m\"course-language\"\u001b[39m\n            \u001b[36m>\u001b[39m\n              \u001b[36m
[...]
1b[33mclass\u001b[39m=\u001b[32m\"dark:text-white text-black text-2xl sm:text-3xl lg:text-4xl capitalize whitespace-normal wrap-break-word line-clamp-3 leading-tight cursor-pointer\"\u001b[39m\n                \u001b[36m>\u001b[39m\n                  \u001b[0mModern JavaScript from Scratch\u001b[0m\n                \u001b[36m</p>\u001b[39m\n                \u001b[36m<span>\u001b[39m\n                  \u001b[0mBestseller\u001b[0m\n                \u001b[36m</span>\u001b[39m\n                \u001b[36m<p\u001b[39m\n                  \u001b[33mclass\u001b[39m=\u001b[32m\"dark:text-white text-black text-2xl capitalize whitespace-normal wrap-break-word line-clamp-2\"\u001b[39m\n                \u001b[36m>\u001b[39m\n                  \u001b[0m₹ \u001b[0m\n                  \u001b[0m999\u001b[0m\n                \u001b[36m</p>\u001b[39m\n              \u001b[36m</div>\u001b[39m\n              \u001b[36m<div\u001b[39m\n                \u001b[33mclass\u001b[39m=\u001b[32m\"flex gap-2 w-full   justify-start items-center\"\u001b[39m\n              \u001b[36m>\u001b[39m\n                \u001b[36m<span\u001b[39m\n                  \u001b[33mclass\u001b[39m=\u001b[32m\"flex gap-2  items-center\"\u001b[39m\n                \u001b[36m>\u001b[39m\n                  \u001b[36m<span />\u001b[39m\n                  \u001b[36m<span\u001b[39m\n                    \u001b[33mclass\u001b[39m=\u001b[32m\"text-sm\"\u001b[39m\n                  \u001b[36m>\u001b[39m\n                    \u001b[0mNo date available\u001b[0m\n                  \u001b[36m</span>\u001b[39m\n                \u001b[36m</span>\u001b[39m\n                \u001b[36m<span\u001b[39m\n                  \u001b[33mclass\u001b[39m=\u001b[32m\"flex gap-2  items-center\"\u001b[39m\n                  \u001b[33mdata-testid\u001b[39m=\u001b[32m\"course-language\"\u001b[39m\n                \u001b[36m>\u001b[39m\n                  \u001b[36m<span />\u001b[39m\n                  \u001b[36m<p>\u001b[39m\n                    \u001b[0mEnglish\u001b[0m\n                  \u001b[36m</p>\u001b[39m\n                \u001b[36m</span>\u001b[39m\n                \u001b[36m<span\u001b[39m\n                  \u001b[33mclass\u001b[39m=\u001b[32m\"flex gap-2 items-center\"\u001b[39m\n                \u001b[36m>\u001b[39m\n                  \u001b[36m<span />\u001b[39m\n                  \u001b[0mEnglish\u001b[0m\n                \u001b[36m</span>\u001b[39m\n              \u001b[36m</div>\u001b[39m\n              \u001b[36m<div\u001b[39m\n                \u001b[33mclass\u001b[39m=\u001b[32m\"w-full h-30 flex flex-row justify-start items-center border-2 border-gray-300 rounded-lg mt-4\"\u001b[39m\n              \u001b[36m>\u001b[39m\n                \u001b[36m<span\u001b[39m\n                  \u001b[33mclass\u001b[39m=\u001b[32m\"w-1/5 h-full flex justify-center items-center\"\u001b[39m\n                \u001b[36m>\u001b[39m\n                  \u001b[36m<span />\u001b[39m\n                \u001b[36m</span>\u001b[39m\n                \u001b[36m<span\u001b[39m\n                  \u001b[33mclass\u001b[39m=\u001b[32m\"w-2/5 h-full flex justify-start  items-center md:pl-4\"\u001b[39m\n                \u001b[36m>\u001b[39m\n                  \u001b[36m<p\u001b[39m\n                    \u001b[33mclass\u001b[39m=\u001b[32m\"lg:text-[13px] text-[10px] text-center leading-tight whitespace-pre-line font-semibold\"\u001b[39m\n                  \u001b[36m>\u001b[39m\n                    \u001b[0mAccess this top-rated course,plus \u001b[0m\n                    \u001b[36m<br />\u001b[39m\n                    \u001b[0m 1,300+ more top rated courses \u001b[0m\n                    \u001b[36m<br />\u001b[39m\n                    \u001b[0mwith a brainnest\u001b[0m\n                  \u001b[36m</p>\u001b[39m\n                \u001b[36m</span>\u001b[39m\n                \u001b[36m<hr />\u001b[39m\n                \u001b[36m<span\u001b[39m\n                  \u001b[33mclass\u001b[39m=\u001b[32m\"w-1/5 hidden  sm:flex flex-col gap-1 justify-center items-center wrap-break text-center\"\u001b[39m\n                \u001b[36m>\u001b[39m\n                  \u001b[36m<div\u001b[39m\n                    \u001b[33mdata-testid\u001b[39m=\u001b[32m\"star-rating\"\u001b[39m\n                  \u001b[36m>\u001b[39m\n                    \u001b[0m4.5\u001b[0m\n                  \u001b[36m</div>\u001b[39m\n                  \u001b[36m<p>\u001b[39m\n                    \u001b[0m4.5\u001b[0m\n                    \u001b[0m ratings\u001b[0m\n                  \u001b[36m</p>\u001b[39m\n                \u001b[36m</span>\u001b[39m\n                \u001b[36m<hr />\u001b[39m\n                \u001b[36m<span\u001b[39m\n                  \u001b[33mclass\u001b[39m=\u001b[32m\"w-2/5 sm:w-1/5 flex flex-col gap-1 justify-center items-center wrap-break text-center\"\u001b[39m\n                \u001b[36m>\u001b[39m\n                  \u001b[36m<span />\u001b[39m\n                  \u001b[36m<p>\u001b[39m\n                    \u001b[0m100\u001b[0m\n                    \u001b[0m learners\u001b[0m\n                  \u001b[36m</p>\u001b[39m\n                \u001b[36m</span>\u001b[39m\n              \u001b[36m</div>\u001b[39m\n              \u001b[36m<div\u001b[39m\n                \u001b[33mclass\u001b[39m=\u001b[32m\"w-full min-h-25 flex flex-col justify-start items-start border-2 py-2 px-4 mt-4  \"\u001b[39m\n              \u001b[36m>\u001b[39m\n                \u001b[36m<h3\u001b[39m\n                  \u001b[33mclass\u001b[39m=\u001b[32m\"t...\n\u001b[2m\u001b[22m\n\u001b[2m    \u001b[0m \u001b[90m 1035 |\u001b[39m\u001b[22m\n\u001b[2m     \u001b[90m 1036 |\u001b[39m     \u001b[36mawait\u001b[39m waitFor(() \u001b[33m=>\u001b[39m {\u001b[22m\n\u001b[2m    \u001b[31m\u001b[1m>\u001b[22m\u001b[2m\u001b[39m\u001b[90m 1037 |\u001b[39m       expect(mockedAxios\u001b[33m.\u001b[39mpost)\u001b[33m.\u001b[39mtoHaveBeenCalledWith(\u001b[22m\n\u001b[2m     \u001b[90m      |\u001b[39m                                \u001b[31m\u001b[1m^\u001b[22m\u001b[2m\u001b[39m\u001b[22m\n\u001b[2m     \u001b[90m 1038 |\u001b[39m         \u001b[32m\"/api/courses/rate/course-123\"\u001b[39m\u001b[33m,\u001b[39m\u001b[22m\n\u001b[2m     \u001b[90m 1039 |\u001b[39m         {\u001b[22m\n\u001b[2m     \u001b[90m 1040 |\u001b[39m           reviewData\u001b[33m:\u001b[39m {\u001b[0m\u001b[22m\n\u001b[2m\u001b[22m\n\u001b[2m      \u001b[2mat \u001b[22m\u001b[2m\u001b[0m\u001b[36msrc/app/components/CourseIDComp/CourseIDCompTest.test.tsx\u001b[39m\u001b[0m\u001b[2m:1037:32\u001b[22m\u001b[2m\u001b[22m\n\u001b[2m      \u001b[2mat runWithExpensiveErrorDiagnosticsDisabled (\u001b[22m\u001b[2m../../node_modules/.pnpm/@testing-library+dom@10.4.1/node_modules/@testing-library/dom/dist/config.js\u001b[2m:47:12)\u001b[22m\u001b[2m\u001b[22m\n\u001b[2m      \u001b[2mat checkCallback (\u001b[22m\u001b[2m../../node_modules/.pnpm/@testing-library+dom@10.4.1/node_modules/@testing-library/dom/dist/wait-for.js\u001b[2m:124:77)\u001b[22m\u001b[2m\u001b[22m\n\u001b[2m      \u001b[2mat checkRealTimersCallback (\u001b[22m\u001b[2m../../node_modules/.pnpm/@testing-library+dom@10.4.1/node_modules/@testing-library/dom/dist/wait-for.js\u001b[2m:118:16)\u001b[22m\u001b[2m\u001b[22m\n\u001b[2m      \u001b[2mat Timeout.task [as _onTimeout] (\u001b[22m\u001b[2m../../node_modules/.pnpm/jsdom@26.1.0_canvas@3.2.3_supports-color@8.1.1/node_modules/jsdom/lib/jsdom/browser/Window.js\u001b[2m:579:19)\u001b[22m\u001b[2m\u001b[22m\n\n\u001b[1m\u001b[31m  \u001b[1m● \u001b[22m\u001b[1mCourseIdPageComp - Review › shows error toast when review submission fails\u001b[39m\u001b[22m\n\n    \u001b[2mexpect(\u001b[22m\u001b[31mjest.fn()\u001b[39m\u001b[2m).\u001b[22mtoHaveBeenCalledWith\u001b[2m(\u001b[22m\u001b[32m...expected\u001b[39m\u001b[2m)\u001b[22m\n\n    Expected: \u001b[32m\"Something went wrong!, Please try again later\"\u001b[39m\n\n    Number of calls: \u001b[31m0\u001b[39m\n\n    Ignored nodes: comments, script, style\n    \u001b[36m<html>\u001b[39m\n      \u001b[36m<head />\u001b[39m\n      \u001b[36m<body>\u001b[39m\n        \u001b[36m<div>\u001b[39m\n          \u001b[36m<div\u001b[39m\n            \u001b[33mclass\u001b[39m=\u001b[32m\"relative w-full min-h-screen flex flex-col gap-6 py-18 pt-0\"\u001b[39m\n          \u001b[36m>\u001b[39m\n            \u001b[36m<div\u001b[39m\n              \u001b[33mclass\u001b[39m=\u001b[32m\"absolute top-0 left-0 w-full h-1/2 dark:bg-black bg-white z-[-1]\"\u001b[39m\n            \u001b[36m/>\u001b[39m\n            \u001b[36m<div\u001b[39m\n              \u001b[33mclass\u001b[39m=\u001b[32m\"w-[90%] md:w-[70%] lg:w-[60%] bg-transparent mx-auto flex flex-col justify-start items-center relative\"\u001b[39m\n            \u001b[36m>\u001b[39m\n              \u001b[36m<div\u001b[39m\n                \u001b[33mclass\u001b[39m=\u001b[32m\"relative w-full h-75 overflow-hidden\"\u001b[39m\n              \u001b[36m>\u001b[39m\n                \u001b[36m<img\u001b[39m\n                  \u001b[33malt\u001b[39m=\u001b[32m\"\"\u001b[39m\n                  \u001b[33mclass\u001b[39m=\u001b[32m\"rounded-lg\"\u001b[39m\n                  \u001b[33msrc\u001b[39m=\u001b[32m\"/course.jpg\"\u001b[39m\n                \u001b[36m/>\u001b[39m\n              \u001b[36m</div>\u001b[39m\n            \u001b[36m</div>\u001b[39m\n            \u001b[36m<div\u001b[39m\n              \u001b[33mclass\u001b[39m=\u001b[32m\"relative w-[90%] md:w-[90%] lg:w-[60%] bg-transparent mx-auto flex flex-col justify-start items-center h-full gap-6 min-h-screen pt-2\"\u001b[39m\n            \u001b[36m>\u001b[39m\n              \u001b[36m<div\u001b[39m\n                \u001b[33mclass\u001b[39m=\u001b[32m\"absolute right-0 top-2 w-10 h-10 rounded-full flex items-center justify-center border border-gray-300 group cursor-pointer\"\u001b[39m\n              \u001b[36m>\u001b[39m\n                \u001b[36m<button\u001b[39m\n                  \u001b[33maria-label\u001b[39m=\u001b[32m\"like-course\"\u001b[39m\n                \u001b[36m>\u001b[39m\n                  \u001b[0mLike\u001b[0m\n                \u001b[36m</button>\u001b[39m\n              \u001b[36m</div>\u001b[39m\n              \u001b[36m<div\u001b[39m\n                \u001b[33mclass\u001b[39m=\u001b[32m\"absolute right-12 top-2 w-10 h-10 rounded-full flex items-center justify-center border border-gray-300 group cursor-pointer\"\u001b[39m\n              \u001b[36m>\u001b[39m\n                \u001b[36m<button\u001b[39m\n                  \u001b[33maria-label\u001b[39m=\u001b[32m\"add-to-cart\"\u001b[39m\n                \u001b[36m>\u001b[39m\n                  \u001b[0mAdd Cart\u001b[0m\n                \u001b[36m</button>\u001b[39m\n              \u001b[36m</div>\u001b[39m\n              \u001b[36m<div\u001b[39m\n                \u001b[33mclass\u001b[39m=\u001b[32m\"absolute right-33 top-2 w-10 h-10  flex items-center justify-center  border-gray-300 group cursor-pointer\"\u001b[39m\n              \u001b[36m>\u001b[39m\n                \u001b[36m<button\u001b[39m\n                  \u001b[33mclass\u001b[39m=\u001b[32m\"group-hover:scale-110 ease-in-out duration-400 transition-transform active:scale-90\"\u001b[39m\n                  \u001b[33mvariant\u001b[39m=\u001b[32m\"default\"\u001b[39m\n                \u001b[36m>\u001b[39m\n                  \u001b[0mBuy Now\u001b[0m\n                \u001b[36m</button>\u001b[39m\n              \u001b[36m</div>\u001b[39m\n              \u001b[36m<div\u001b[39m\n                \u001b[33mclass\u001b[39m=\u001b[32m\"absolute right-30 top-2 w-10 h-10  flex items-center justify-center  border-gray-300\"\u001b[39m\n              \u001b[36m>\u001b[39m\n                \u001b[36m<button\u001b[39m\n                  \u001b[33mclass\u001b[39m=\u001b[32m\"\"\u001b[39m\n                  \u001b[33mvariant\u001b[39m=\u001b[32m\"default\"\u001b[39m\n                \u001b[36m>\u001b[39m\n                  \u001b[0mDownload Certificate\u001b[0m\n                \u001b[36m</button>\u001b[39m\n              \u001b[36m</div>\u001b[39m\n              \u001b[36m<div\u001b[39m\n                \u001b[33mclass\u001b[39m=\u001b[32m\"w-full flex flex-col items-start justify-center gap-3 pt-12 md:pt-0\"\u001b[39m\n              \u001b[36m>\u001b[39m\n                \u001b[36m<p\u001b[39m\n                  \u001b[33mclass\u001b[39m=\u001b[32m\"dark:text-white text-black text-2xl sm:text-3xl lg:text-4xl capitalize whitespace-normal wrap-break-word line-clamp-3 leading-tight cursor-pointer\"\u001b[39m\n                \u001b[36m>\u001b[39m\n                  \u001b[0mModern JavaScript from Scratch\u001b[0m\n                \u001b[36m</p>\u001b[39m\n                \u001b[36m<span>\u001b[39m\n                  \u001b[0mBestseller\u001b[0m\n                \u001b[36m</span>\u001b[39m\n                \u001b[36m<p\u001b[39m\n                  \u001b[33mclass\u001b[39m=\u001b[32m\"dark:text-white text-black text-2xl capitalize whitespace-normal wrap-break-word line-clamp-2\"\u001b[39m\n                \u001b[36m>\u001b[39m\n                  \u001b[0m₹ \u001b[0m\n                  \u001b[0m999\u001b[0m\n                \u001b[36m</p>\u001b[39m\n              \u001b[36m</div>\u001b[39m\n              \u001b[36m<div\u001b[39m\n                \u001b[33mclass\u001b[39m=\u001b[32m\"flex gap-2 w-full   justify-start items-center\"\u001b[39m\n              \u001b[36m>\u001b[39m\n                \u001b[36m<span\u001b[39m\n                  \u001b[33mclass\u001b[39m=\u001b[32m\"flex gap-2  items-center\"\u001b[39m\n                \u001b[36m>\u001b[39m\n                  \u001b[36m<span />\u001b[39m\n                  \u001b[36m<span\u001b[39m\n                    \u001b[33mclass\u001b[39m=\u001b[32m\"text-sm\"\u001b[39m\n                  \u001b[36m>\u001b[39m\n                    \u001b[0mNo date available\u001b[0m\n                  \u001b[36m</span>\u001b[39m\n                \u001b[36m</span>\u001b[39m\n                \u001b[36m<span\u001b[39m\n                  \u001b[33mclass\u001b[39m=\u001b[32m\"flex gap-2  items-center\"\u001b[39m\n                  \u001b[33mdata-testid\u001b[39m=\u001b[32m\"course-language\"\u001b[39m\n                \u001b[36m>\u001b[39m\n                  \u001b[36m<span />\u001b[39m\n                  \u001b[36m<p>\u001b[39m\n                    \u001b[0mEnglish\u001b[0m\n                  \u001b[36m</p>\u001b[39m\n                \u001b[36m</span>\u001b[39m\n                \u001b[36m<span\u001b[39m\n                  \u001b[33mclass\u001b[39m=\u001b[32m\"flex gap-2 items-center\"\u001b[39m\n                \u001b[36m>\u001b[39m\n                  \u001b[36m<span />\u001b[39m\n                  \u001b[0mEnglish\u001b[0m\n                \u001b[36m</span>\u001b[39m\n              \u001b[36m</div>\u001b[39m\n              \u001b[36m<div\u001b[39m\n                \u001b[33mclass\u001b[39m=\u001b[32m\"w-full h-30 flex flex-row justify-start items-center border-2 border-gray-300 rounded-lg mt-4\"\u001b[39m\n              \u001b[36m>\u001b[39m\n                \u001b[36m<span\u001b[39m\n                  \u001b[33mclass\u001b[39m=\u001b[32m\"w-1/5 h-full flex justify-center items-center\"\u001b[39m\n                \u001b[36m>\u001b[39m\n                  \u001b[36m<span />\u001b[39m\n                \u001b[36m</span>\u001b[39m\n                \u001b[36m<span\u001b[39m\n                  \u001b[33mclass\u001b[39m=\u001b[32m\"w-2/5 h-full flex justify-start  items-center md:pl-4\"\u001b[39m\n                \u001b[36m>\u001b[39m\n                  \u001b[36m<p\u001b[39m\n                    \u001b[33mclass\u001b[39m=\u001b[32m\"lg:text-[13px] text-[10px] text-center leading-tight whitespace-pre-line font-semibold\"\u001b[39m\n                  \u001b[36m>\u001b[39m\n                    \u001b[0mAccess this top-rated course,plus \u001b[0m\n                    \u001b[36m<br />\u001b[39m\n                    \u001b[0m 1,300+ more top rated courses \u001b[0m\n                    \u001b[36m<br />\u001b[39m\n                    \u001b[0mwith a brainnest\u001b[0m\n                  \u001b[36m</p>\u001b[39m\n                \u001b[36m</span>\u001b[39m\n                \u001b[36m<hr />\u001b[39m\n                \u001b[36m<span\u001b[39m\n                  \u001b[33mclass\u001b[39m=\u001b[32m\"w-1/5 hidden  sm:flex flex-col gap-1 justify-center items-center wrap-break text-center\"\u001b[39m\n                \u001b[36m>\u001b[39m\n                  \u001b[36m<div\u001b[39m\n                    \u001b[33mdata-testid\u001b[39m=\u001b[32m\"star-rating\"\u001b[39m\n                  \u001b[36m>\u001b[39m\n                    \u001b[0m4.5\u001b[0m\n                  \u001b[36m</div>\u001b[39m\n                  \u001b[36m<p>\u001b[39m\n                    \u001b[0m4.5\u001b[0m\n                    \u001b[0m ratings\u001b[0m\n                  \u001b[36m</p>\u001b[39m\n                \u001b[36m</span>\u001b[39m\n                \u001b[36m<hr />\u001b[39m\n                \u001b[36m<span\u001b[39m\n                  \u001b[33mclass\u001b[39m=\u001b[32m\"w-2/5 sm:w-1/5 flex flex-col gap-1 justify-center items-center wrap-break text-center\"\u001b[39m\n                \u001b[36m>\u001b[39m\n                  \u001b[36m<span />\u001b[39m\n                  \u001b[36m<p>\u001b[39m\n                    \u001b[0m100\u001b[0m\n                    \u001b[0m learners\u001b[0m\n                  \u001b[36m</p>\u001b[39m\n                \u001b[36m</span>\u001b[39m\n              \u001b[36m</div>\u001b[39m\n              \u001b[36m<div\u001b[39m\n                \u001b[33mclass\u001b[39m=\u001b[32m\"w-full min-h-25 flex flex-col justify-start items-start border-2 py-2 px-4 mt-4  \"\u001b[39m\n              \u001b[36m>\u001b[39m\n                \u001b[36m<h3\u001b[39m\n                  \u001b[33mclass\u001b[39m=\u001b[32m\"t...\n\u001b[2m\u001b[22m\n\u001b[2m    \u001b[0m \u001b[90m 1082 |\u001b[39m\u001b[22m\n\u001b[2m     \u001b[90m 1083 |\u001b[39m     \u001b[36mawait\u001b[39m waitFor(() \u001b[33m=>\u001b[39m {\u001b[22m\n\u001b[2m    \u001b[31m\u001b[1m>\u001b[22m\u001b[2m\u001b[39m\u001b[90m 1084 |\u001b[39m       expect(toast\u001b[33m.\u001b[39merror)\u001b[33m.\u001b[39mtoHaveBeenCalledWith(\u001b[22m\n\u001b[2m     \u001b[90m      |\u001b[39m                           \u001b[31m\u001b[1m^\u001b[22m\u001b[2m\u001b[39m\u001b[22m\n\u001b[2m     \u001b[90m 1085 |\u001b[39m         \u001b[32m\"Something went wrong!, Please try again later\"\u001b[39m\u001b[22m\n\u001b[2m     \u001b[90m 1086 |\u001b[39m       )\u001b[33m;\u001b[39m\u001b[22m\n\u001b[2m     \u001b[90m 1087 |\u001b[39m     })\u001b[33m;\u001b[39m\u001b[0m\u001b[22m\n\u001b[2m\u001b[22m\n\u001b[2m      \u001b[2mat \u001b[22m\u001b[2m\u001b[0m\u001b[36msrc/app/components/CourseIDComp/CourseIDCompTest.test.tsx\u001b[39m\u001b[0m\u001b[2m:1084:27\u001b[22m\u001b[2m\u001b[22m\n\u001b[2m      \u001b[2mat runWithExpensiveErrorDiagnosticsDisabled (\u001b[22m\u001b[2m../../node_modules/.pnpm/@testing-library+dom@10.4.1/node_modules/@testing-library/dom/dist/config.js\u001b[2m:47:12)\u001b[22m\u001b[2m\u001b[22m\n\u001b[2m      \u001b[2mat checkCallback (\u001b[22m\u001b[2m../../node_modules/.pnpm/@testing-library+dom@10.4.1/node_modules/@testing-library/dom/dist/wait-for.js\u001b[2m:124:77)\u001b[22m\u001b[2m\u001b[22m\n\u001b[2m      \u001b[2mat checkRealTimersCallback (\u001b[22m\u001b[2m../../node_modules/.pnpm/@testing-library+dom@10.4.1/node_modules/@testing-library/dom/dist/wait-for.js\u001b[2m:118:16)\u001b[22m\u001b[2m\u001b[22m\n\u001b[2m      \u001b[2mat Timeout.task [as _onTimeout] (\u001b[22m\u001b[2m../../node_modules/.pnpm/jsdom@26.1.0_canvas@3.2.3_supports-color@8.1.1/node_modules/jsdom/lib/jsdom/browser/Window.js\u001b[2m:579:19)\u001b[22m\u001b[2m\u001b[22m\n","name":"C:\\Hussain\\Full Stack-MERN\\Brainnest Turborepo\\apps\\web\\src\\app\\components\\CourseIDComp\\CourseIDCompTest.test.tsx","startTime":1788134196052,"status":"failed","summary":""}],"wasInterrupted":false}
